4*4=16;16*6=96;96/4=24;
4*4=16;16/4=4;6*4=24;
4*4=16;4/16=0.25;6/0.25=24;
4*4=16;4/6=0.666667;16/0.666667=24;
4*4=16;6/4=1.5;16*1.5=24;
4+4=8;8-4=4;6*4=24;
4-4=0;4+0=4;6*4=24;
4-4=0;4-0=4;6*4=24;
4-4=0;6*4=24;24+0=24;
4-4=0;6*4=24;24-0=24;
4-4=0;6+0=6;6*4=24;
4-4=0;6-0=6;6*4=24;
4/4=1;1/4=0.25;6/0.25=24;
4/4=1;1/6=0.166667;4/0.166667=24;
4/4=1;4*1=4;6*4=24;
4/4=1;4/1=4;6*4=24;
4/4=1;6*1=6;6*4=24;
4/4=1;6*4=24;24*1=24;
4/4=1;6*4=24;24/1=24;
4/4=1;6/1=6;6*4=24;
4/6=0.666667;0.666667/4=0.166667;4/0.166667=24;
4/6=0.666667;4*4=16;16/0.666667=24;
4/6=0.666667;4/0.666667=6;6*4=24;
6*4=24;24*4=96;96/4=24;
6*4=24;24+4=28;28-4=24;
6*4=24;24-4=20;20+4=24;
6*4=24;24/4=6;6*4=24;
6*4=24;4-4=0;24+0=24;
6*4=24;4-4=0;24-0=24;
6*4=24;4/24=0.166667;4/0.166667=24;
6*4=24;4/4=1;24*1=24;
6*4=24;4/4=1;24/1=24;
6+4=10;10-4=6;6*4=24;
6-4=2;4+2=6;6*4=24;
6/4=1.5;4*1.5=6;6*4=24;
6/4=1.5;4*4=16;16*1.5=24;
