(0,0) (2,1) (4,0) (5,2) (7,1) (5,0) (3,1) (2,3) (3,5) (4,3) (2,4) (0,5) (1,7) (3,6) (4,4) (3,2) 
(2,0) (0,1) (1,3) (2,5) (4,6) (3,4) (5,5) (6,7) (5,9) (3,8) (1,9) (0,11) (2,10) (1,8) (0,10) (1,12) 
(0,14) (2,15) (1,13) (0,15) (2,14) (4,15) (6,14) (4,13) (5,15) (7,14) (6,12) (7,10) (6,8) (4,9) (3,11) (5,12) 
(4,10) (6,11) (7,13) (6,15) (5,13) (3,12) (4,14) (2,13) (1,11) (0,9) (2,8) (3,10) (4,12) (3,14) (1,15) (0,13) 
(2,12) (4,11) (3,13) (2,11) (3,9) (5,8) (7,9) (5,10) (4,8) (2,9) (0,8) (1,10) (0,12) (1,14) (3,15) (5,14) 
(7,15) (6,13) (7,11) (6,9) (5,11) (7,12) (6,10) (7,8) (8,10) (9,12) (8,14) (10,15) (9,13) (8,15) (10,14) (12,15) 
(14,14) (12,13) (13,15) (15,14) (14,12) (15,10) (14,8) (12,9) (11,11) (13,12) (12,10) (14,11) (15,13) (14,15) (13,13) (11,12) 
(12,14) (10,13) (9,11) (8,9) (10,8) (11,10) (12,12) (11,14) (9,15) (8,13) (10,12) (12,11) (11,13) (10,11) (11,9) (13,8) 
(15,9) (13,10) (12,8) (10,9) (8,8) (9,10) (8,12) (9,14) (11,15) (13,14) (15,15) (14,13) (15,11) (14,9) (13,11) (15,12) 
(14,10) (15,8) (13,9) (11,8) (9,9) (8,11) (10,10) (9,8) (10,6) (12,7) (14,6) (12,5) (13,7) (15,6) (14,4) (15,2) 
(14,0) (12,1) (11,3) (13,4) (12,2) (14,3) (15,5) (14,7) (13,5) (11,4) (12,6) (10,5) (9,3) (8,1) (10,0) (11,2) 
(12,4) (11,6) (9,7) (8,5) (10,4) (12,3) (11,5) (10,3) (11,1) (13,0) (15,1) (13,2) (12,0) (10,1) (8,0) (9,2) 
(8,4) (9,6) (11,7) (13,6) (15,7) (14,5) (15,3) (14,1) (13,3) (15,4) (14,2) (15,0) (13,1) (11,0) (9,1) (8,3) 
(10,2) (9,0) (8,2) (9,4) (8,6) (10,7) (9,5) (8,7) (7,5) (6,3) (4,2) (5,4) (3,3) (4,1) (6,0) (7,2) 
(6,4) (7,6) (5,7) (4,5) (6,6) (4,7) (2,6) (0,7) (1,5) (2,7) (0,6) (1,4) (0,2) (1,0) (2,2) (0,3) 
(1,1) (3,0) (5,1) (7,0) (6,2) (7,4) (5,3) (6,1) (7,3) (6,5) (7,7) (5,6) (3,7) (1,6) (0,4) (1,2) 

1 18 237 240 255 12 235 232 75 58 31 28 77 64 33 36 
238 241 256 19 236 233 254 13 30 27 76 57 32 35 78 63 
17 2 239 8 11 20 231 234 59 74 29 68 65 56 37 34 
242 7 16 221 22 9 14 253 26 69 60 47 54 67 62 79 
3 222 219 10 15 228 21 230 73 46 49 66 61 40 55 38 
6 243 4 247 220 23 252 227 70 25 72 85 48 53 80 41 
223 248 245 218 225 250 229 24 45 84 87 50 43 82 39 52 
244 5 224 249 246 217 226 251 88 71 44 83 86 51 42 81 
191 174 211 208 193 180 213 216 133 116 89 150 135 122 91 94 
210 207 192 173 212 215 194 179 152 149 134 115 90 93 136 121 
175 190 209 184 181 172 153 214 117 132 151 126 123 114 95 92 
206 185 176 163 170 183 178 195 148 127 118 105 112 125 120 137 
189 162 165 182 177 156 171 154 131 104 107 124 119 98 113 96 
186 205 188 201 164 169 196 157 128 147 130 143 106 111 138 99 
161 200 203 166 159 198 155 168 103 142 145 108 101 140 97 110 
204 187 160 199 202 167 158 197 146 129 102 141 144 109 100 139 
