(0,0) (2,1) (4,0) (5,2) (4,4) (2,3) (0,4) (2,5) (1,3) (0,5) (2,4) (4,5) (3,7) (4,9) (5,11) (3,10) (1,11) (0,9) (1,7) (3,6) (5,7) (3,8) (5,9) (4,11) (2,10) (0,11) 
(1,9) (2,11) (0,10) (2,9) (4,10) (5,8) (4,6) (2,7) (0,6) (1,8) (3,9) (4,7) (2,6) (0,7) (2,8) (1,6) (0,8) (1,10) (3,11) (5,10) (4,8) (5,6) (6,8) (7,10) (9,11) (10,9) 
(8,10) (6,11) (7,9) (8,7) (6,6) (7,8) (9,9) (8,11) (6,10) (8,9) (7,11) (6,9) (7,7) (9,6) (11,7) (13,6) (12,8) (13,10) (11,11) (9,10) (8,8) (6,7) (8,6) (10,7) (12,6) (13,8) 
(12,10) (10,11) (11,9) (12,11) (11,13) (9,12) (7,13) (6,15) (7,17) (8,15) (6,16) (8,17) (9,15) (7,14) (6,12) (8,13) (7,15) (6,17) (5,15) (3,14) (5,13) (3,12) (1,13) (0,15) (1,17) (3,16) 
(5,17) (4,15) (3,13) (5,12) (4,14) (5,16) (3,17) (1,16) (0,14) (1,12) (2,14) (0,13) (2,12) (4,13) (3,15) (1,14) (0,12) (2,13) (4,12) (5,14) (4,16) (2,15) (0,16) (2,17) (1,15) (0,17) 
(2,16) (4,17) (3,19) (1,20) (0,18) (2,19) (3,21) (5,20) (4,18) (3,20) (5,19) (3,18) (1,19) (0,21) (1,23) (0,25) (2,24) (4,25) (5,23) (4,21) (2,20) (1,18) (0,20) (1,22) (0,24) (2,25) 
(4,24) (5,22) (3,23) (5,24) (3,25) (1,24) (0,22) (2,21) (4,22) (3,24) (5,25) (4,23) (2,22) (0,23) (1,25) (2,23) (1,21) (0,19) (2,18) (4,19) (5,21) (3,22) (4,20) (5,18) (6,20) (7,22) 
(6,24) (8,25) (7,23) (6,25) (8,24) (10,25) (12,24) (10,23) (11,25) (13,24) (12,22) (13,20) (12,18) (10,19) (9,21) (11,22) (10,20) (12,21) (13,23) (12,25) (11,23) (9,22) (10,24) (8,23) (7,21) (6,19) 
(8,18) (9,20) (10,22) (9,24) (7,25) (6,23) (8,22) (10,21) (9,23) (8,21) (9,19) (11,18) (13,19) (11,20) (10,18) (8,19) (6,18) (7,20) (6,22) (7,24) (9,25) (11,24) (13,25) (12,23) (13,21) (12,19) 
(11,21) (13,22) (12,20) (13,18) (11,19) (9,18) (7,19) (6,21) (8,20) (7,18) (8,16) (10,15) (9,17) (7,16) (6,14) (7,12) (9,13) (11,14) (13,13) (11,12) (10,14) (11,16) (13,17) (12,15) (10,16) (9,14) 
(10,12) (12,13) (13,15) (12,17) (11,15) (10,17) (12,16) (13,14) (12,12) (10,13) (8,12) (6,13) (8,14) (9,16) (11,17) (13,16) (12,14) (13,12) (14,14) (15,16) (17,17) (19,16) (18,14) (19,12) (17,13) (18,15) 
(19,17) (17,16) (15,17) (14,15) (15,13) (17,12) (19,13) (17,14) (19,15) (20,17) (21,15) (22,13) (20,12) (21,14) (23,15) (22,17) (20,16) (22,15) (21,17) (20,15) (21,13) (23,12) (25,13) (27,12) (26,14) (27,16) 
(25,17) (23,16) (22,14) (20,13) (22,12) (24,13) (26,12) (27,14) (26,16) (24,17) (25,15) (26,17) (27,15) (26,13) (24,12) (23,14) (24,16) (26,15) (27,17) (25,16) (24,14) (25,12) (27,13) (25,14) (23,13) (21,12) 
(20,14) (21,16) (23,17) (24,15) (22,16) (21,18) (22,20) (20,21) (21,19) (23,18) (25,19) (27,18) (26,20) (27,22) (25,21) (26,19) (27,21) (26,23) (27,25) (25,24) (23,25) (21,24) (20,22) (21,20) (20,18) (22,19) 
(24,18) (25,20) (27,19) (25,18) (23,19) (22,21) (23,23) (24,21) (22,22) (20,23) (21,25) (23,24) (24,22) (23,20) (22,18) (20,19) (21,21) (22,23) (24,24) (23,22) (25,23) (26,25) (27,23) (26,21) (24,20) (25,22) 
(23,21) (24,19) (26,18) (27,20) (26,22) (27,24) (25,25) (24,23) (26,24) (24,25) (22,24) (20,25) (21,23) (22,25) (20,24) (21,22) (20,20) (19,18) (18,20) (17,22) (19,21) (18,19) (16,18) (14,19) (15,21) (16,23) 
(15,25) (14,23) (16,22) (18,23) (19,25) (17,24) (18,22) (16,21) (14,22) (15,24) (17,25) (19,24) (17,23) (19,22) (18,24) (16,25) (14,24) (15,22) (14,20) (15,18) (16,20) (18,21) (19,23) (18,25) (16,24) (14,25) 
(15,23) (14,21) (15,19) (17,18) (19,19) (17,20) (18,18) (19,20) (17,21) (16,19) (14,18) (15,20) (17,19) (18,17) (16,16) (14,17) (15,15) (16,17) (14,16) (16,15) (18,16) (19,14) (18,12) (16,13) (14,12) (15,14) 
(17,15) (18,13) (16,12) (14,13) (16,14) (15,12) (16,10) (18,11) (19,9) (17,8) (19,7) (17,6) (15,7) (14,9) (15,11) (17,10) (19,11) (18,9) (17,7) (18,5) (16,4) (14,5) (15,3) (16,5) (14,4) (16,3) 
(18,4) (19,2) (18,0) (16,1) (14,0) (15,2) (17,3) (18,1) (16,0) (14,1) (16,2) (15,0) (14,2) (15,4) (17,5) (19,4) (18,2) (19,0) (17,1) (18,3) (19,5) (17,4) (15,5) (14,3) (15,1) (17,0) 
(19,1) (17,2) (19,3) (20,5) (21,3) (22,1) (20,0) (21,2) (23,3) (22,5) (20,4) (22,3) (21,5) (20,3) (21,1) (23,0) (25,1) (27,0) (26,2) (27,4) (25,5) (23,4) (22,2) (20,1) (22,0) (24,1) 
(26,0) (27,2) (26,4) (24,5) (25,3) (26,5) (27,3) (26,1) (24,0) (23,2) (24,4) (26,3) (27,5) (25,4) (24,2) (25,0) (27,1) (25,2) (23,1) (21,0) (20,2) (21,4) (23,5) (24,3) (22,4) (21,6) 
(23,7) (25,8) (27,7) (25,6) (24,8) (25,10) (27,11) (26,9) (24,10) (23,8) (24,6) (26,7) (27,9) (26,11) (25,9) (24,11) (26,10) (27,8) (26,6) (24,7) (22,6) (20,7) (22,8) (23,10) (25,11) (27,10) 
(26,8) (27,6) (25,7) (23,6) (21,7) (20,9) (21,11) (22,9) (20,10) (22,11) (23,9) (21,8) (20,6) (22,7) (21,9) (20,11) (22,10) (24,9) (23,11) (21,10) (20,8) (19,6) (18,8) (19,10) (17,11) (15,10) 
(14,8) (15,6) (16,8) (14,7) (16,6) (18,7) (17,9) (15,8) (14,6) (16,7) (18,6) (19,8) (18,10) (16,9) (14,10) (16,11) (15,9) (14,11) (13,9) (12,7) (10,6) (9,8) (10,10) (12,9) (13,11) (11,10) 
(10,8) (11,6) (13,7) (11,8) (9,7) (7,6) (8,4) (10,3) (9,5) (7,4) (6,2) (7,0) (9,1) (11,2) (13,1) (11,0) (10,2) (11,4) (13,5) (12,3) (10,4) (9,2) (10,0) (12,1) (13,3) (12,5) 
(11,3) (10,5) (12,4) (13,2) (12,0) (10,1) (8,0) (6,1) (8,2) (9,4) (11,5) (13,4) (12,2) (13,0) (11,1) (9,0) (7,1) (6,3) (7,5) (8,3) (6,4) (8,5) (9,3) (7,2) (6,0) (8,1) 
(7,3) (6,5) (5,3) (3,2) (5,1) (3,0) (1,1) (0,3) (1,5) (3,4) (5,5) (4,3) (3,1) (5,0) (4,2) (5,4) (3,5) (1,4) (0,2) (1,0) (2,2) (0,1) (2,0) (4,1) (3,3) (1,2) 

1 724 721 710 7 10 35 40 43 18 29 26 121 116 113 102 127 130 135 174 153 144 163 170 155 146 
722 709 728 9 720 711 42 19 36 27 44 17 114 101 120 129 112 103 152 143 134 173 154 145 162 171 
725 2 723 6 11 8 39 34 41 30 25 28 117 122 115 126 131 128 175 136 151 164 169 172 147 156 
708 715 706 727 712 719 20 13 22 37 16 45 100 107 98 119 104 111 142 133 140 137 178 159 166 161 
3 726 717 714 5 12 33 38 47 14 31 24 123 118 109 106 125 132 139 176 179 150 165 168 157 148 
716 707 4 705 718 713 48 21 32 23 46 15 108 99 124 97 110 105 180 141 138 177 158 149 160 167 
701 684 661 694 697 704 57 74 49 64 61 54 93 272 249 86 89 96 225 208 181 242 227 214 183 186 
662 693 700 703 660 695 656 65 58 55 50 63 250 85 92 95 248 87 244 241 226 207 182 185 228 213 
683 702 685 696 657 698 75 56 73 62 53 60 271 94 273 88 245 90 209 224 243 218 215 206 187 184 
692 663 672 699 686 659 66 655 646 59 72 51 84 251 260 91 274 247 240 219 210 197 204 217 212 229 
673 682 667 658 671 678 645 76 651 52 647 80 261 270 255 246 259 266 223 196 199 216 211 190 205 188 
666 691 664 677 668 687 652 67 654 81 650 71 254 83 252 265 256 275 220 239 222 235 198 203 230 191 
681 674 689 670 679 676 77 644 69 648 79 82 269 262 277 258 267 264 195 234 237 200 193 232 189 202 
690 665 680 675 688 669 68 653 78 643 70 649 278 253 268 263 276 257 238 221 194 233 236 201 192 231 
499 504 507 518 493 490 633 628 625 482 639 642 467 472 279 290 461 458 453 414 435 444 425 418 433 442 
506 519 500 491 508 517 626 481 632 641 624 483 474 291 468 459 280 289 436 445 454 415 434 443 426 417 
503 498 505 494 489 492 629 634 627 638 475 640 471 466 473 462 457 460 413 452 437 424 419 416 441 432 
520 513 522 501 516 509 480 487 478 631 484 623 292 285 294 469 288 281 446 455 448 451 410 429 422 427 
497 502 511 514 495 488 635 630 621 486 637 476 465 470 283 286 463 456 449 412 409 438 423 420 431 440 
512 521 496 523 510 515 620 479 636 477 622 485 284 293 464 295 282 287 408 447 450 411 430 439 428 421 
527 544 567 534 531 524 611 594 619 604 607 614 299 316 339 306 303 296 363 380 407 346 361 374 405 402 
566 535 528 525 568 533 572 603 610 613 618 605 338 307 300 297 340 305 344 347 362 381 406 403 360 375 
545 526 543 532 571 530 593 612 595 606 615 608 317 298 315 304 343 302 379 364 345 370 373 382 401 404 
536 565 556 529 542 569 602 573 582 609 596 617 308 337 328 301 314 341 348 369 378 391 384 371 376 359 
555 546 561 570 557 550 583 592 577 616 581 588 327 318 333 342 329 322 365 392 389 372 377 398 383 400 
562 537 564 551 560 541 576 601 574 587 578 597 334 309 336 323 332 313 368 349 366 353 390 385 358 397 
547 554 539 558 549 552 591 584 599 580 589 586 319 326 311 330 321 324 393 354 351 388 395 356 399 386 
538 563 548 553 540 559 600 575 590 585 598 579 310 335 320 325 312 331 350 367 394 355 352 387 396 357 
