(0,0) (2,1) (4,0) (5,2) (4,4) (2,3) (0,4) (2,5) (1,3) (0,5) (2,4) (4,5) (3,7) (1,8) 
(0,6) (2,7) (3,9) (5,8) (4,6) (3,8) (5,7) (3,6) (1,7) (0,9) (1,11) (0,13) (2,12) (4,13) 
(5,11) (4,9) (2,8) (1,6) (0,8) (1,10) (0,12) (2,13) (4,12) (5,10) (3,11) (5,12) (3,13) (1,12) 
(0,10) (2,9) (4,10) (3,12) (5,13) (4,11) (2,10) (0,11) (1,13) (2,11) (1,9) (0,7) (2,6) (4,7) 
(5,9) (3,10) (4,8) (5,6) (6,8) (7,10) (6,12) (8,13) (7,11) (6,13) (8,12) (10,13) (12,12) (10,11) 
(11,13) (13,12) (12,10) (13,8) (12,6) (10,7) (9,9) (11,10) (10,8) (12,9) (13,11) (12,13) (11,11) (9,10) 
(10,12) (8,11) (7,9) (6,7) (8,6) (9,8) (10,10) (9,12) (7,13) (6,11) (8,10) (10,9) (9,11) (8,9) 
(9,7) (11,6) (13,7) (11,8) (10,6) (8,7) (6,6) (7,8) (6,10) (7,12) (9,13) (11,12) (13,13) (12,11) 
(13,9) (12,7) (11,9) (13,10) (12,8) (13,6) (11,7) (9,6) (7,7) (6,9) (8,8) (7,6) (8,4) (10,3) 
(9,5) (7,4) (6,2) (7,0) (9,1) (11,2) (13,1) (11,0) (10,2) (11,4) (13,5) (12,3) (10,4) (9,2) 
(10,0) (12,1) (13,3) (12,5) (11,3) (10,5) (12,4) (13,2) (12,0) (10,1) (8,0) (6,1) (8,2) (9,4) 
(11,5) (13,4) (12,2) (13,0) (11,1) (9,0) (7,1) (6,3) (7,5) (8,3) (6,4) (8,5) (9,3) (7,2) 
(6,0) (8,1) (7,3) (6,5) (5,3) (3,2) (5,1) (3,0) (1,1) (0,3) (1,5) (3,4) (5,5) (4,3) 
(3,1) (5,0) (4,2) (5,4) (3,5) (1,4) (0,2) (1,0) (2,2) (0,1) (2,0) (4,1) (3,3) (1,2) 

1 192 189 178 7 10 15 54 33 24 43 50 35 26 
190 177 196 9 188 179 32 23 14 53 34 25 42 51 
193 2 191 6 11 8 55 16 31 44 49 52 27 36 
176 183 174 195 180 187 22 13 20 17 58 39 46 41 
3 194 185 182 5 12 19 56 59 30 45 48 37 28 
184 175 4 173 186 181 60 21 18 57 38 29 40 47 
169 152 129 162 165 172 105 88 61 122 107 94 63 66 
130 161 168 171 128 163 124 121 106 87 62 65 108 93 
151 170 153 164 125 166 89 104 123 98 95 86 67 64 
160 131 140 167 154 127 120 99 90 77 84 97 92 109 
141 150 135 126 139 146 103 76 79 96 91 70 85 68 
134 159 132 145 136 155 100 119 102 115 78 83 110 71 
149 142 157 138 147 144 75 114 117 80 73 112 69 82 
158 133 148 143 156 137 118 101 74 113 116 81 72 111 
