aaccddee
aaccdede
aaccdeed
aaccedde
aacceded
aacceedd
aacdcdee
aacdcede
aacdceed
aacddcee
aacddece
aacddeec
aacdedce
aacdedec
aacdecde
aacdeced
aacdeecd
aacdeedc
aaceddce
aaceddec
aacedcde
aacedced
aacedecd
aacededc
aacecdde
aacecded
aacecedd
aaceedcd
aaceeddc
aaceecdd
aadccdee
aadccede
aadcceed
aadcdcee
aadcdece
aadcdeec
aadcedce
aadcedec
aadcecde
aadceced
aadceecd
aadceedc
aaddccee
aaddcece
aaddceec
aaddecce
aaddecec
aaddeecc
aadecdce
aadecdec
aadeccde
aadecced
aadececd
aadecedc
aadedcce
aadedcec
aadedecc
aadeedcc
aadeecdc
aadeeccd
aaecddce
aaecddec
aaecdcde
aaecdced
aaecdecd
aaecdedc
aaeccdde
aaeccded
aaeccedd
aaecedcd
aaeceddc
aaececdd
aaedcdce
aaedcdec
aaedccde
aaedcced
aaedcecd
aaedcedc
aaeddcce
aaeddcec
aaeddecc
aaededcc
aaedecdc
aaedeccd
aaeeddcc
aaeedcdc
aaeedccd
aaeecddc
aaeecdcd
aaeeccdd
acacddee
acacdede
acacdeed
acacedde
acaceded
acaceedd
acadcdee
acadcede
acadceed
acaddcee
acaddece
acaddeec
acadedce
acadedec
acadecde
acadeced
acadeecd
acadeedc
acaeddce
acaeddec
acaedcde
acaedced
acaedecd
acaededc
acaecdde
acaecded
acaecedd
acaeedcd
acaeeddc
acaeecdd
accaddee
accadede
accadeed
accaedde
accaeded
accaeedd
accdadee
accdaede
accdaeed
accddaee
accddeae
accddeea
accdedae
accdedea
accdeade
accdeaed
accdeead
accdeeda
acceddae
acceddea
accedade
accedaed
accedead
accededa
acceadde
acceaded
acceaedd
acceedad
acceedda
acceeadd
acdcadee
acdcaede
acdcaeed
acdcdaee
acdcdeae
acdcdeea
acdcedae
acdcedea
acdceade
acdceaed
acdceead
acdceeda
acdacdee
acdacede
acdaceed
acdadcee
acdadece
acdadeec
acdaedce
acdaedec
acdaecde
acdaeced
acdaeecd
acdaeedc
acddacee
acddaece
acddaeec
acddcaee
acddceae
acddceea
acddecae
acddecea
acddeace
acddeaec
acddeeac
acddeeca
acdeadce
acdeadec
acdeacde
acdeaced
acdeaecd
acdeaedc
acdedace
acdedaec
acdedcae
acdedcea
acdedeca
acdedeac
acdecdae
acdecdea
acdecade
acdecaed
acdecead
acdeceda
acdeedca
acdeedac
acdeecda
acdeecad
acdeeacd
acdeeadc
acecddae
acecddea
acecdade
acecdaed
acecdead
acecdeda
acecadde
acecaded
acecaedd
acecedad
acecedda
aceceadd
acedcdae
acedcdea
acedcade
acedcaed
acedcead
acedceda
aceddcae
aceddcea
aceddace
aceddaec
aceddeac
aceddeca
acedadce
acedadec
acedacde
acedaced
acedaecd
acedaedc
acededac
acededca
acedeadc
acedeacd
acedecad
acedecda
aceaddce
aceaddec
aceadcde
aceadced
aceadecd
aceadedc
aceacdde
aceacded
aceacedd
aceaedcd
aceaeddc
aceaecdd
aceeddac
aceeddca
aceedadc
aceedacd
aceedcad
aceedcda
aceeaddc
aceeadcd
aceeacdd
aceecdad
aceecdda
aceecadd
adccadee
adccaede
adccaeed
adccdaee
adccdeae
adccdeea
adccedae
adccedea
adcceade
adcceaed
adcceead
adcceeda
adcacdee
adcacede
adcaceed
adcadcee
adcadece
adcadeec
adcaedce
adcaedec
adcaecde
adcaeced
adcaeecd
adcaeedc
adcdacee
adcdaece
adcdaeec
adcdcaee
adcdceae
adcdceea
adcdecae
adcdecea
adcdeace
adcdeaec
adcdeeac
adcdeeca
adceadce
adceadec
adceacde
adceaced
adceaecd
adceaedc
adcedace
adcedaec
adcedcae
adcedcea
adcedeca
adcedeac
adcecdae
adcecdea
adcecade
adcecaed
adcecead
adceceda
adceedca
adceedac
adceecda
adceecad
adceeacd
adceeadc
adaccdee
adaccede
adacceed
adacdcee
adacdece
adacdeec
adacedce
adacedec
adacecde
adaceced
adaceecd
adaceedc
adadccee
adadcece
adadceec
adadecce
adadecec
adadeecc
adaecdce
adaecdec
adaeccde
adaecced
adaececd
adaecedc
adaedcce
adaedcec
adaedecc
adaeedcc
adaeecdc
adaeeccd
addcacee
addcaece
addcaeec
addccaee
addcceae
addcceea
addcecae
addcecea
addceace
addceaec
addceeac
addceeca
addaccee
addacece
addaceec
addaecce
addaecec
addaeecc
addeacce
addeacec
addeaecc
addecace
addecaec
addeccae
addeccea
addececa
addeceac
addeecca
addeecac
addeeacc
adecadce
adecadec
adecacde
adecaced
adecaecd
adecaedc
adecdace
adecdaec
adecdcae
adecdcea
adecdeca
adecdeac
adeccdae
adeccdea
adeccade
adeccaed
adeccead
adecceda
adecedca
adecedac
adececda
adececad
adeceacd
adeceadc
adeacdce
adeacdec
adeaccde
adeacced
adeacecd
adeacedc
adeadcce
adeadcec
adeadecc
adeaedcc
adeaecdc
adeaeccd
adedacce
adedacec
adedaecc
adedcace
adedcaec
adedccae
adedccea
adedceca
adedceac
adedecca
adedecac
adedeacc
adeeadcc
adeeacdc
adeeaccd
adeedacc
adeedcac
adeedcca
adeecdac
adeecdca
adeecadc
adeecacd
adeeccad
adeeccda
aeccddae
aeccddea
aeccdade
aeccdaed
aeccdead
aeccdeda
aeccadde
aeccaded
aeccaedd
aeccedad
aeccedda
aecceadd
aecdcdae
aecdcdea
aecdcade
aecdcaed
aecdcead
aecdceda
aecddcae
aecddcea
aecddace
aecddaec
aecddeac
aecddeca
aecdadce
aecdadec
aecdacde
aecdaced
aecdaecd
aecdaedc
aecdedac
aecdedca
aecdeadc
aecdeacd
aecdecad
aecdecda
aecaddce
aecaddec
aecadcde
aecadced
aecadecd
aecadedc
aecacdde
aecacded
aecacedd
aecaedcd
aecaeddc
aecaecdd
aeceddac
aeceddca
aecedadc
aecedacd
aecedcad
aecedcda
aeceaddc
aeceadcd
aeceacdd
aececdad
aececdda
aececadd
aedccdae
aedccdea
aedccade
aedccaed
aedccead
aedcceda
aedcdcae
aedcdcea
aedcdace
aedcdaec
aedcdeac
aedcdeca
aedcadce
aedcadec
aedcacde
aedcaced
aedcaecd
aedcaedc
aedcedac
aedcedca
aedceadc
aedceacd
aedcecad
aedcecda
aeddccae
aeddccea
aeddcace
aeddcaec
aeddceac
aeddceca
aeddacce
aeddacec
aeddaecc
aeddecac
aeddecca
aeddeacc
aedacdce
aedacdec
aedaccde
aedacced
aedacecd
aedacedc
aedadcce
aedadcec
aedadecc
aedaedcc
aedaecdc
aedaeccd
aedecdac
aedecdca
aedecadc
aedecacd
aedeccad
aedeccda
aededcac
aededcca
aededacc
aedeadcc
aedeacdc
aedeaccd
aeacddce
aeacddec
aeacdcde
aeacdced
aeacdecd
aeacdedc
aeaccdde
aeaccded
aeaccedd
aeacedcd
aeaceddc
aeacecdd
aeadcdce
aeadcdec
aeadccde
aeadcced
aeadcecd
aeadcedc
aeaddcce
aeaddcec
aeaddecc
aeadedcc
aeadecdc
aeadeccd
aeaeddcc
aeaedcdc
aeaedccd
aeaecddc
aeaecdcd
aeaeccdd
aeecddac
aeecddca
aeecdadc
aeecdacd
aeecdcad
aeecdcda
aeecaddc
aeecadcd
aeecacdd
aeeccdad
aeeccdda
aeeccadd
aeedcdac
aeedcdca
aeedcadc
aeedcacd
aeedccad
aeedccda
aeeddcac
aeeddcca
aeeddacc
aeedadcc
aeedacdc
aeedaccd
aeeaddcc
aeeadcdc
aeeadccd
aeeacddc
aeeacdcd
aeeaccdd
caacddee
caacdede
caacdeed
caacedde
caaceded
caaceedd
caadcdee
caadcede
caadceed
caaddcee
caaddece
caaddeec
caadedce
caadedec
caadecde
caadeced
caadeecd
caadeedc
caaeddce
caaeddec
caaedcde
caaedced
caaedecd
caaededc
caaecdde
caaecded
caaecedd
caaeedcd
caaeeddc
caaeecdd
cacaddee
cacadede
cacadeed
cacaedde
cacaeded
cacaeedd
cacdadee
cacdaede
cacdaeed
cacddaee
cacddeae
cacddeea
cacdedae
cacdedea
cacdeade
cacdeaed
cacdeead
cacdeeda
caceddae
caceddea
cacedade
cacedaed
cacedead
cacededa
caceadde
caceaded
caceaedd
caceedad
caceedda
caceeadd
cadcadee
cadcaede
cadcaeed
cadcdaee
cadcdeae
cadcdeea
cadcedae
cadcedea
cadceade
cadceaed
cadceead
cadceeda
cadacdee
cadacede
cadaceed
cadadcee
cadadece
cadadeec
cadaedce
cadaedec
cadaecde
cadaeced
cadaeecd
cadaeedc
caddacee
caddaece
caddaeec
caddcaee
caddceae
caddceea
caddecae
caddecea
caddeace
caddeaec
caddeeac
caddeeca
cadeadce
cadeadec
cadeacde
cadeaced
cadeaecd
cadeaedc
cadedace
cadedaec
cadedcae
cadedcea
cadedeca
cadedeac
cadecdae
cadecdea
cadecade
cadecaed
cadecead
cadeceda
cadeedca
cadeedac
cadeecda
cadeecad
cadeeacd
cadeeadc
caecddae
caecddea
caecdade
caecdaed
caecdead
caecdeda
caecadde
caecaded
caecaedd
caecedad
caecedda
caeceadd
caedcdae
caedcdea
caedcade
caedcaed
caedcead
caedceda
caeddcae
caeddcea
caeddace
caeddaec
caeddeac
caeddeca
caedadce
caedadec
caedacde
caedaced
caedaecd
caedaedc
caededac
caededca
caedeadc
caedeacd
caedecad
caedecda
caeaddce
caeaddec
caeadcde
caeadced
caeadecd
caeadedc
caeacdde
caeacded
caeacedd
caeaedcd
caeaeddc
caeaecdd
caeeddac
caeeddca
caeedadc
caeedacd
caeedcad
caeedcda
caeeaddc
caeeadcd
caeeacdd
caeecdad
caeecdda
caeecadd
ccaaddee
ccaadede
ccaadeed
ccaaedde
ccaaeded
ccaaeedd
ccadadee
ccadaede
ccadaeed
ccaddaee
ccaddeae
ccaddeea
ccadedae
ccadedea
ccadeade
ccadeaed
ccadeead
ccadeeda
ccaeddae
ccaeddea
ccaedade
ccaedaed
ccaedead
ccaededa
ccaeadde
ccaeaded
ccaeaedd
ccaeedad
ccaeedda
ccaeeadd
ccdaadee
ccdaaede
ccdaaeed
ccdadaee
ccdadeae
ccdadeea
ccdaedae
ccdaedea
ccdaeade
ccdaeaed
ccdaeead
ccdaeeda
ccddaaee
ccddaeae
ccddaeea
ccddeaae
ccddeaea
ccddeeaa
ccdeadae
ccdeadea
ccdeaade
ccdeaaed
ccdeaead
ccdeaeda
ccdedaae
ccdedaea
ccdedeaa
ccdeedaa
ccdeeada
ccdeeaad
cceaddae
cceaddea
cceadade
cceadaed
cceadead
cceadeda
cceaadde
cceaaded
cceaaedd
cceaedad
cceaedda
cceaeadd
ccedadae
ccedadea
ccedaade
ccedaaed
ccedaead
ccedaeda
cceddaae
cceddaea
cceddeaa
ccededaa
ccedeada
ccedeaad
cceeddaa
cceedada
cceedaad
cceeadda
cceeadad
cceeaadd
cdacadee
cdacaede
cdacaeed
cdacdaee
cdacdeae
cdacdeea
cdacedae
cdacedea
cdaceade
cdaceaed
cdaceead
cdaceeda
cdaacdee
cdaacede
cdaaceed
cdaadcee
cdaadece
cdaadeec
cdaaedce
cdaaedec
cdaaecde
cdaaeced
cdaaeecd
cdaaeedc
cdadacee
cdadaece
cdadaeec
cdadcaee
cdadceae
cdadceea
cdadecae
cdadecea
cdadeace
cdadeaec
cdadeeac
cdadeeca
cdaeadce
cdaeadec
cdaeacde
cdaeaced
cdaeaecd
cdaeaedc
cdaedace
cdaedaec
cdaedcae
cdaedcea
cdaedeca
cdaedeac
cdaecdae
cdaecdea
cdaecade
cdaecaed
cdaecead
cdaeceda
cdaeedca
cdaeedac
cdaeecda
cdaeecad
cdaeeacd
cdaeeadc
cdcaadee
cdcaaede
cdcaaeed
cdcadaee
cdcadeae
cdcadeea
cdcaedae
cdcaedea
cdcaeade
cdcaeaed
cdcaeead
cdcaeeda
cdcdaaee
cdcdaeae
cdcdaeea
cdcdeaae
cdcdeaea
cdcdeeaa
cdceadae
cdceadea
cdceaade
cdceaaed
cdceaead
cdceaeda
cdcedaae
cdcedaea
cdcedeaa
cdceedaa
cdceeada
cdceeaad
cddcaaee
cddcaeae
cddcaeea
cddceaae
cddceaea
cddceeaa
cddacaee
cddaceae
cddaceea
cddaacee
cddaaece
cddaaeec
cddaeace
cddaeaec
cddaecae
cddaecea
cddaeeca
cddaeeac
cddeaace
cddeaaec
cddeacae
cddeacea
cddeaeca
cddeaeac
cddecaae
cddecaea
cddeceaa
cddeeaca
cddeeaac
cddeecaa
cdecadae
cdecadea
cdecaade
cdecaaed
cdecaead
cdecaeda
cdecdaae
cdecdaea
cdecdeaa
cdecedaa
cdeceada
cdeceaad
cdeacdae
cdeacdea
cdeacade
cdeacaed
cdeacead
cdeaceda
cdeadcae
cdeadcea
cdeadace
cdeadaec
cdeadeac
cdeadeca
cdeaadce
cdeaadec
cdeaacde
cdeaaced
cdeaaecd
cdeaaedc
cdeaedac
cdeaedca
cdeaeadc
cdeaeacd
cdeaecad
cdeaecda
cdedacae
cdedacea
cdedaace
cdedaaec
cdedaeac
cdedaeca
cdedcaae
cdedcaea
cdedceaa
cdedecaa
cdedeaca
cdedeaac
cdeeadac
cdeeadca
cdeeaadc
cdeeaacd
cdeeacad
cdeeacda
cdeedaac
cdeedaca
cdeedcaa
cdeecdaa
cdeecada
cdeecaad
ceacddae
ceacddea
ceacdade
ceacdaed
ceacdead
ceacdeda
ceacadde
ceacaded
ceacaedd
ceacedad
ceacedda
ceaceadd
ceadcdae
ceadcdea
ceadcade
ceadcaed
ceadcead
ceadceda
ceaddcae
ceaddcea
ceaddace
ceaddaec
ceaddeac
ceaddeca
ceadadce
ceadadec
ceadacde
ceadaced
ceadaecd
ceadaedc
ceadedac
ceadedca
ceadeadc
ceadeacd
ceadecad
ceadecda
ceaaddce
ceaaddec
ceaadcde
ceaadced
ceaadecd
ceaadedc
ceaacdde
ceaacded
ceaacedd
ceaaedcd
ceaaeddc
ceaaecdd
ceaeddac
ceaeddca
ceaedadc
ceaedacd
ceaedcad
ceaedcda
ceaeaddc
ceaeadcd
ceaeacdd
ceaecdad
ceaecdda
ceaecadd
cecaddae
cecaddea
cecadade
cecadaed
cecadead
cecadeda
cecaadde
cecaaded
cecaaedd
cecaedad
cecaedda
cecaeadd
cecdadae
cecdadea
cecdaade
cecdaaed
cecdaead
cecdaeda
cecddaae
cecddaea
cecddeaa
cecdedaa
cecdeada
cecdeaad
ceceddaa
cecedada
cecedaad
ceceadda
ceceadad
ceceaadd
cedcadae
cedcadea
cedcaade
cedcaaed
cedcaead
cedcaeda
cedcdaae
cedcdaea
cedcdeaa
cedcedaa
cedceada
cedceaad
cedacdae
cedacdea
cedacade
cedacaed
cedacead
cedaceda
cedadcae
cedadcea
cedadace
cedadaec
cedadeac
cedadeca
cedaadce
cedaadec
cedaacde
cedaaced
cedaaecd
cedaaedc
cedaedac
cedaedca
cedaeadc
cedaeacd
cedaecad
cedaecda
ceddacae
ceddacea
ceddaace
ceddaaec
ceddaeac
ceddaeca
ceddcaae
ceddcaea
ceddceaa
ceddecaa
ceddeaca
ceddeaac
cedeadac
cedeadca
cedeaadc
cedeaacd
cedeacad
cedeacda
cededaac
cededaca
cededcaa
cedecdaa
cedecada
cedecaad
ceecddaa
ceecdada
ceecdaad
ceecadda
ceecadad
ceecaadd
ceedcdaa
ceedcada
ceedcaad
ceeddcaa
ceeddaca
ceeddaac
ceedadca
ceedadac
ceedacda
ceedacad
ceedaacd
ceedaadc
ceeaddca
ceeaddac
ceeadcda
ceeadcad
ceeadacd
ceeadadc
ceeacdda
ceeacdad
ceeacadd
ceeaadcd
ceeaaddc
ceeaacdd
daccadee
daccaede
daccaeed
daccdaee
daccdeae
daccdeea
daccedae
daccedea
dacceade
dacceaed
dacceead
dacceeda
dacacdee
dacacede
dacaceed
dacadcee
dacadece
dacadeec
dacaedce
dacaedec
dacaecde
dacaeced
dacaeecd
dacaeedc
dacdacee
dacdaece
dacdaeec
dacdcaee
dacdceae
dacdceea
dacdecae
dacdecea
dacdeace
dacdeaec
dacdeeac
dacdeeca
daceadce
daceadec
daceacde
daceaced
daceaecd
daceaedc
dacedace
dacedaec
dacedcae
dacedcea
dacedeca
dacedeac
dacecdae
dacecdea
dacecade
dacecaed
dacecead
daceceda
daceedca
daceedac
daceecda
daceecad
daceeacd
daceeadc
daaccdee
daaccede
daacceed
daacdcee
daacdece
daacdeec
daacedce
daacedec
daacecde
daaceced
daaceecd
daaceedc
daadccee
daadcece
daadceec
daadecce
daadecec
daadeecc
daaecdce
daaecdec
daaeccde
daaecced
daaececd
daaecedc
daaedcce
daaedcec
daaedecc
daaeedcc
daaeecdc
daaeeccd
dadcacee
dadcaece
dadcaeec
dadccaee
dadcceae
dadcceea
dadcecae
dadcecea
dadceace
dadceaec
dadceeac
dadceeca
dadaccee
dadacece
dadaceec
dadaecce
dadaecec
dadaeecc
dadeacce
dadeacec
dadeaecc
dadecace
dadecaec
dadeccae
dadeccea
dadececa
dadeceac
dadeecca
dadeecac
dadeeacc
daecadce
daecadec
daecacde
daecaced
daecaecd
daecaedc
daecdace
daecdaec
daecdcae
daecdcea
daecdeca
daecdeac
daeccdae
daeccdea
daeccade
daeccaed
daeccead
daecceda
daecedca
daecedac
daececda
daececad
daeceacd
daeceadc
daeacdce
daeacdec
daeaccde
daeacced
daeacecd
daeacedc
daeadcce
daeadcec
daeadecc
daeaedcc
daeaecdc
daeaeccd
daedacce
daedacec
daedaecc
daedcace
daedcaec
daedccae
daedccea
daedceca
daedceac
daedecca
daedecac
daedeacc
daeeadcc
daeeacdc
daeeaccd
daeedacc
daeedcac
daeedcca
daeecdac
daeecdca
daeecadc
daeecacd
daeeccad
daeeccda
dcacadee
dcacaede
dcacaeed
dcacdaee
dcacdeae
dcacdeea
dcacedae
dcacedea
dcaceade
dcaceaed
dcaceead
dcaceeda
dcaacdee
dcaacede
dcaaceed
dcaadcee
dcaadece
dcaadeec
dcaaedce
dcaaedec
dcaaecde
dcaaeced
dcaaeecd
dcaaeedc
dcadacee
dcadaece
dcadaeec
dcadcaee
dcadceae
dcadceea
dcadecae
dcadecea
dcadeace
dcadeaec
dcadeeac
dcadeeca
dcaeadce
dcaeadec
dcaeacde
dcaeaced
dcaeaecd
dcaeaedc
dcaedace
dcaedaec
dcaedcae
dcaedcea
dcaedeca
dcaedeac
dcaecdae
dcaecdea
dcaecade
dcaecaed
dcaecead
dcaeceda
dcaeedca
dcaeedac
dcaeecda
dcaeecad
dcaeeacd
dcaeeadc
dccaadee
dccaaede
dccaaeed
dccadaee
dccadeae
dccadeea
dccaedae
dccaedea
dccaeade
dccaeaed
dccaeead
dccaeeda
dccdaaee
dccdaeae
dccdaeea
dccdeaae
dccdeaea
dccdeeaa
dcceadae
dcceadea
dcceaade
dcceaaed
dcceaead
dcceaeda
dccedaae
dccedaea
dccedeaa
dcceedaa
dcceeada
dcceeaad
dcdcaaee
dcdcaeae
dcdcaeea
dcdceaae
dcdceaea
dcdceeaa
dcdacaee
dcdaceae
dcdaceea
dcdaacee
dcdaaece
dcdaaeec
dcdaeace
dcdaeaec
dcdaecae
dcdaecea
dcdaeeca
dcdaeeac
dcdeaace
dcdeaaec
dcdeacae
dcdeacea
dcdeaeca
dcdeaeac
dcdecaae
dcdecaea
dcdeceaa
dcdeeaca
dcdeeaac
dcdeecaa
dcecadae
dcecadea
dcecaade
dcecaaed
dcecaead
dcecaeda
dcecdaae
dcecdaea
dcecdeaa
dcecedaa
dceceada
dceceaad
dceacdae
dceacdea
dceacade
dceacaed
dceacead
dceaceda
dceadcae
dceadcea
dceadace
dceadaec
dceadeac
dceadeca
dceaadce
dceaadec
dceaacde
dceaaced
dceaaecd
dceaaedc
dceaedac
dceaedca
dceaeadc
dceaeacd
dceaecad
dceaecda
dcedacae
dcedacea
dcedaace
dcedaaec
dcedaeac
dcedaeca
dcedcaae
dcedcaea
dcedceaa
dcedecaa
dcedeaca
dcedeaac
dceeadac
dceeadca
dceeaadc
dceeaacd
dceeacad
dceeacda
dceedaac
dceedaca
dceedcaa
dceecdaa
dceecada
dceecaad
ddccaaee
ddccaeae
ddccaeea
ddcceaae
ddcceaea
ddcceeaa
ddcacaee
ddcaceae
ddcaceea
ddcaacee
ddcaaece
ddcaaeec
ddcaeace
ddcaeaec
ddcaecae
ddcaecea
ddcaeeca
ddcaeeac
ddceaace
ddceaaec
ddceacae
ddceacea
ddceaeca
ddceaeac
ddcecaae
ddcecaea
ddceceaa
ddceeaca
ddceeaac
ddceecaa
ddaccaee
ddacceae
ddacceea
ddacacee
ddacaece
ddacaeec
ddaceace
ddaceaec
ddacecae
ddacecea
ddaceeca
ddaceeac
ddaaccee
ddaacece
ddaaceec
ddaaecce
ddaaecec
ddaaeecc
ddaecace
ddaecaec
ddaeccae
ddaeccea
ddaececa
ddaeceac
ddaeacce
ddaeacec
ddaeaecc
ddaeeacc
ddaeecac
ddaeecca
ddecaace
ddecaaec
ddecacae
ddecacea
ddecaeca
ddecaeac
ddeccaae
ddeccaea
ddecceaa
ddeceaca
ddeceaac
ddececaa
ddeacace
ddeacaec
ddeaccae
ddeaccea
ddeaceca
ddeaceac
ddeaacce
ddeaacec
ddeaaecc
ddeaeacc
ddeaecac
ddeaecca
ddeeaacc
ddeeacac
ddeeacca
ddeecaac
ddeecaca
ddeeccaa
deccadae
deccadea
deccaade
deccaaed
deccaead
deccaeda
deccdaae
deccdaea
deccdeaa
deccedaa
decceada
decceaad
decacdae
decacdea
decacade
decacaed
decacead
decaceda
decadcae
decadcea
decadace
decadaec
decadeac
decadeca
decaadce
decaadec
decaacde
decaaced
decaaecd
decaaedc
decaedac
decaedca
decaeadc
decaeacd
decaecad
decaecda
decdacae
decdacea
decdaace
decdaaec
decdaeac
decdaeca
decdcaae
decdcaea
decdceaa
decdecaa
decdeaca
decdeaac
deceadac
deceadca
deceaadc
deceaacd
deceacad
deceacda
decedaac
decedaca
decedcaa
dececdaa
dececada
dececaad
deaccdae
deaccdea
deaccade
deaccaed
deaccead
deacceda
deacdcae
deacdcea
deacdace
deacdaec
deacdeac
deacdeca
deacadce
deacadec
deacacde
deacaced
deacaecd
deacaedc
deacedac
deacedca
deaceadc
deaceacd
deacecad
deacecda
deadccae
deadccea
deadcace
deadcaec
deadceac
deadceca
deadacce
deadacec
deadaecc
deadecac
deadecca
deadeacc
deaacdce
deaacdec
deaaccde
deaacced
deaacecd
deaacedc
deaadcce
deaadcec
deaadecc
deaaedcc
deaaecdc
deaaeccd
deaecdac
deaecdca
deaecadc
deaecacd
deaeccad
deaeccda
deaedcac
deaedcca
deaedacc
deaeadcc
deaeacdc
deaeaccd
dedcacae
dedcacea
dedcaace
dedcaaec
dedcaeac
dedcaeca
dedccaae
dedccaea
dedcceaa
dedcecaa
dedceaca
dedceaac
dedaccae
dedaccea
dedacace
dedacaec
dedaceac
dedaceca
dedaacce
dedaacec
dedaaecc
dedaecac
dedaecca
dedaeacc
dedeacac
dedeacca
dedeaacc
dedecaac
dedecaca
dedeccaa
deecadac
deecadca
deecaadc
deecaacd
deecacad
deecacda
deecdaac
deecdaca
deecdcaa
deeccdaa
deeccada
deeccaad
deeacdac
deeacdca
deeacadc
deeacacd
deeaccad
deeaccda
deeadcac
deeadcca
deeadacc
deeaadcc
deeaacdc
deeaaccd
deedacac
deedacca
deedaacc
deedcaac
deedcaca
deedccaa
eaccddae
eaccddea
eaccdade
eaccdaed
eaccdead
eaccdeda
eaccadde
eaccaded
eaccaedd
eaccedad
eaccedda
eacceadd
eacdcdae
eacdcdea
eacdcade
eacdcaed
eacdcead
eacdceda
eacddcae
eacddcea
eacddace
eacddaec
eacddeac
eacddeca
eacdadce
eacdadec
eacdacde
eacdaced
eacdaecd
eacdaedc
eacdedac
eacdedca
eacdeadc
eacdeacd
eacdecad
eacdecda
eacaddce
eacaddec
eacadcde
eacadced
eacadecd
eacadedc
eacacdde
eacacded
eacacedd
eacaedcd
eacaeddc
eacaecdd
eaceddac
eaceddca
eacedadc
eacedacd
eacedcad
eacedcda
eaceaddc
eaceadcd
eaceacdd
eacecdad
eacecdda
eacecadd
eadccdae
eadccdea
eadccade
eadccaed
eadccead
eadcceda
eadcdcae
eadcdcea
eadcdace
eadcdaec
eadcdeac
eadcdeca
eadcadce
eadcadec
eadcacde
eadcaced
eadcaecd
eadcaedc
eadcedac
eadcedca
eadceadc
eadceacd
eadcecad
eadcecda
eaddccae
eaddccea
eaddcace
eaddcaec
eaddceac
eaddceca
eaddacce
eaddacec
eaddaecc
eaddecac
eaddecca
eaddeacc
eadacdce
eadacdec
eadaccde
eadacced
eadacecd
eadacedc
eadadcce
eadadcec
eadadecc
eadaedcc
eadaecdc
eadaeccd
eadecdac
eadecdca
eadecadc
eadecacd
eadeccad
eadeccda
eadedcac
eadedcca
eadedacc
eadeadcc
eadeacdc
eadeaccd
eaacddce
eaacddec
eaacdcde
eaacdced
eaacdecd
eaacdedc
eaaccdde
eaaccded
eaaccedd
eaacedcd
eaaceddc
eaacecdd
eaadcdce
eaadcdec
eaadccde
eaadcced
eaadcecd
eaadcedc
eaaddcce
eaaddcec
eaaddecc
eaadedcc
eaadecdc
eaadeccd
eaaeddcc
eaaedcdc
eaaedccd
eaaecddc
eaaecdcd
eaaeccdd
eaecddac
eaecddca
eaecdadc
eaecdacd
eaecdcad
eaecdcda
eaecaddc
eaecadcd
eaecacdd
eaeccdad
eaeccdda
eaeccadd
eaedcdac
eaedcdca
eaedcadc
eaedcacd
eaedccad
eaedccda
eaeddcac
eaeddcca
eaeddacc
eaedadcc
eaedacdc
eaedaccd
eaeaddcc
eaeadcdc
eaeadccd
eaeacddc
eaeacdcd
eaeaccdd
ecacddae
ecacddea
ecacdade
ecacdaed
ecacdead
ecacdeda
ecacadde
ecacaded
ecacaedd
ecacedad
ecacedda
ecaceadd
ecadcdae
ecadcdea
ecadcade
ecadcaed
ecadcead
ecadceda
ecaddcae
ecaddcea
ecaddace
ecaddaec
ecaddeac
ecaddeca
ecadadce
ecadadec
ecadacde
ecadaced
ecadaecd
ecadaedc
ecadedac
ecadedca
ecadeadc
ecadeacd
ecadecad
ecadecda
ecaaddce
ecaaddec
ecaadcde
ecaadced
ecaadecd
ecaadedc
ecaacdde
ecaacded
ecaacedd
ecaaedcd
ecaaeddc
ecaaecdd
ecaeddac
ecaeddca
ecaedadc
ecaedacd
ecaedcad
ecaedcda
ecaeaddc
ecaeadcd
ecaeacdd
ecaecdad
ecaecdda
ecaecadd
eccaddae
eccaddea
eccadade
eccadaed
eccadead
eccadeda
eccaadde
eccaaded
eccaaedd
eccaedad
eccaedda
eccaeadd
eccdadae
eccdadea
eccdaade
eccdaaed
eccdaead
eccdaeda
eccddaae
eccddaea
eccddeaa
eccdedaa
eccdeada
eccdeaad
ecceddaa
eccedada
eccedaad
ecceadda
ecceadad
ecceaadd
ecdcadae
ecdcadea
ecdcaade
ecdcaaed
ecdcaead
ecdcaeda
ecdcdaae
ecdcdaea
ecdcdeaa
ecdcedaa
ecdceada
ecdceaad
ecdacdae
ecdacdea
ecdacade
ecdacaed
ecdacead
ecdaceda
ecdadcae
ecdadcea
ecdadace
ecdadaec
ecdadeac
ecdadeca
ecdaadce
ecdaadec
ecdaacde
ecdaaced
ecdaaecd
ecdaaedc
ecdaedac
ecdaedca
ecdaeadc
ecdaeacd
ecdaecad
ecdaecda
ecddacae
ecddacea
ecddaace
ecddaaec
ecddaeac
ecddaeca
ecddcaae
ecddcaea
ecddceaa
ecddecaa
ecddeaca
ecddeaac
ecdeadac
ecdeadca
ecdeaadc
ecdeaacd
ecdeacad
ecdeacda
ecdedaac
ecdedaca
ecdedcaa
ecdecdaa
ecdecada
ecdecaad
ececddaa
ececdada
ececdaad
ececadda
ececadad
ececaadd
ecedcdaa
ecedcada
ecedcaad
eceddcaa
eceddaca
eceddaac
ecedadca
ecedadac
ecedacda
ecedacad
ecedaacd
ecedaadc
eceaddca
eceaddac
eceadcda
eceadcad
eceadacd
eceadadc
eceacdda
eceacdad
eceacadd
eceaadcd
eceaaddc
eceaacdd
edccadae
edccadea
edccaade
edccaaed
edccaead
edccaeda
edccdaae
edccdaea
edccdeaa
edccedaa
edcceada
edcceaad
edcacdae
edcacdea
edcacade
edcacaed
edcacead
edcaceda
edcadcae
edcadcea
edcadace
edcadaec
edcadeac
edcadeca
edcaadce
edcaadec
edcaacde
edcaaced
edcaaecd
edcaaedc
edcaedac
edcaedca
edcaeadc
edcaeacd
edcaecad
edcaecda
edcdacae
edcdacea
edcdaace
edcdaaec
edcdaeac
edcdaeca
edcdcaae
edcdcaea
edcdceaa
edcdecaa
edcdeaca
edcdeaac
edceadac
edceadca
edceaadc
edceaacd
edceacad
edceacda
edcedaac
edcedaca
edcedcaa
edcecdaa
edcecada
edcecaad
edaccdae
edaccdea
edaccade
edaccaed
edaccead
edacceda
edacdcae
edacdcea
edacdace
edacdaec
edacdeac
edacdeca
edacadce
edacadec
edacacde
edacaced
edacaecd
edacaedc
edacedac
edacedca
edaceadc
edaceacd
edacecad
edacecda
edadccae
edadccea
edadcace
edadcaec
edadceac
edadceca
edadacce
edadacec
edadaecc
edadecac
edadecca
edadeacc
edaacdce
edaacdec
edaaccde
edaacced
edaacecd
edaacedc
edaadcce
edaadcec
edaadecc
edaaedcc
edaaecdc
edaaeccd
edaecdac
edaecdca
edaecadc
edaecacd
edaeccad
edaeccda
edaedcac
edaedcca
edaedacc
edaeadcc
edaeacdc
edaeaccd
eddcacae
eddcacea
eddcaace
eddcaaec
eddcaeac
eddcaeca
eddccaae
eddccaea
eddcceaa
eddcecaa
eddceaca
eddceaac
eddaccae
eddaccea
eddacace
eddacaec
eddaceac
eddaceca
eddaacce
eddaacec
eddaaecc
eddaecac
eddaecca
eddaeacc
eddeacac
eddeacca
eddeaacc
eddecaac
eddecaca
eddeccaa
edecadac
edecadca
edecaadc
edecaacd
edecacad
edecacda
edecdaac
edecdaca
edecdcaa
edeccdaa
edeccada
edeccaad
edeacdac
edeacdca
edeacadc
edeacacd
edeaccad
edeaccda
edeadcac
edeadcca
edeadacc
edeaadcc
edeaacdc
edeaaccd
ededacac
ededacca
ededaacc
ededcaac
ededcaca
ededccaa
eeccddaa
eeccdada
eeccdaad
eeccadda
eeccadad
eeccaadd
eecdcdaa
eecdcada
eecdcaad
eecddcaa
eecddaca
eecddaac
eecdadca
eecdadac
eecdacda
eecdacad
eecdaacd
eecdaadc
eecaddca
eecaddac
eecadcda
eecadcad
eecadacd
eecadadc
eecacdda
eecacdad
eecacadd
eecaadcd
eecaaddc
eecaacdd
eedccdaa
eedccada
eedccaad
eedcdcaa
eedcdaca
eedcdaac
eedcadca
eedcadac
eedcacda
eedcacad
eedcaacd
eedcaadc
eeddccaa
eeddcaca
eeddcaac
eeddacca
eeddacac
eeddaacc
eedacdca
eedacdac
eedaccda
eedaccad
eedacacd
eedacadc
eedadcca
eedadcac
eedadacc
eedaadcc
eedaacdc
eedaaccd
eeacddca
eeacddac
eeacdcda
eeacdcad
eeacdacd
eeacdadc
eeaccdda
eeaccdad
eeaccadd
eeacadcd
eeacaddc
eeacacdd
eeadcdca
eeadcdac
eeadccda
eeadccad
eeadcacd
eeadcadc
eeaddcca
eeaddcac
eeaddacc
eeadadcc
eeadacdc
eeadaccd
eeaaddcc
eeaadcdc
eeaadccd
eeaacddc
eeaacdcd
eeaaccdd
2520
