abcddddd
abdcdddd
abddcddd
abdddcdd
abddddcd
abdddddc
acbddddd
acdbdddd
acddbddd
acdddbdd
acddddbd
acdddddb
adcbdddd
adcdbddd
adcddbdd
adcdddbd
adcddddb
adbcdddd
adbdcddd
adbddcdd
adbdddcd
adbddddc
addbcddd
addbdcdd
addbddcd
addbdddc
addcbddd
addcdbdd
addcddbd
addcdddb
adddcbdd
adddcdbd
adddcddb
adddbcdd
adddbdcd
adddbddc
addddbcd
addddbdc
addddcbd
addddcdb
adddddcb
adddddbc
bacddddd
badcdddd
baddcddd
badddcdd
baddddcd
badddddc
bcaddddd
bcdadddd
bcddaddd
bcdddadd
bcddddad
bcddddda
bdcadddd
bdcdaddd
bdcddadd
bdcdddad
bdcdddda
bdacdddd
bdadcddd
bdaddcdd
bdadddcd
bdaddddc
bddacddd
bddadcdd
bddaddcd
bddadddc
bddcaddd
bddcdadd
bddcddad
bddcddda
bdddcadd
bdddcdad
bdddcdda
bdddacdd
bdddadcd
bdddaddc
bddddacd
bddddadc
bddddcad
bddddcda
bdddddca
bdddddac
cbaddddd
cbdadddd
cbddaddd
cbdddadd
cbddddad
cbddddda
cabddddd
cadbdddd
caddbddd
cadddbdd
caddddbd
cadddddb
cdabdddd
cdadbddd
cdaddbdd
cdadddbd
cdaddddb
cdbadddd
cdbdaddd
cdbddadd
cdbdddad
cdbdddda
cddbaddd
cddbdadd
cddbddad
cddbddda
cddabddd
cddadbdd
cddaddbd
cddadddb
cdddabdd
cdddadbd
cdddaddb
cdddbadd
cdddbdad
cdddbdda
cddddbad
cddddbda
cddddabd
cddddadb
cdddddab
cdddddba
dbcadddd
dbcdaddd
dbcddadd
dbcdddad
dbcdddda
dbacdddd
dbadcddd
dbaddcdd
dbadddcd
dbaddddc
dbdacddd
dbdadcdd
dbdaddcd
dbdadddc
dbdcaddd
dbdcdadd
dbdcddad
dbdcddda
dbddcadd
dbddcdad
dbddcdda
dbddacdd
dbddadcd
dbddaddc
dbdddacd
dbdddadc
dbdddcad
dbdddcda
dbddddca
dbddddac
dcbadddd
dcbdaddd
dcbddadd
dcbdddad
dcbdddda
dcabdddd
dcadbddd
dcaddbdd
dcadddbd
dcaddddb
dcdabddd
dcdadbdd
dcdaddbd
dcdadddb
dcdbaddd
dcdbdadd
dcdbddad
dcdbddda
dcddbadd
dcddbdad
dcddbdda
dcddabdd
dcddadbd
dcddaddb
dcdddabd
dcdddadb
dcdddbad
dcdddbda
dcddddba
dcddddab
dacbdddd
dacdbddd
dacddbdd
dacdddbd
dacddddb
dabcdddd
dabdcddd
dabddcdd
dabdddcd
dabddddc
dadbcddd
dadbdcdd
dadbddcd
dadbdddc
dadcbddd
dadcdbdd
dadcddbd
dadcdddb
daddcbdd
daddcdbd
daddcddb
daddbcdd
daddbdcd
daddbddc
dadddbcd
dadddbdc
dadddcbd
dadddcdb
daddddcb
daddddbc
ddcabddd
ddcadbdd
ddcaddbd
ddcadddb
ddcbaddd
ddcbdadd
ddcbddad
ddcbddda
ddcdbadd
ddcdbdad
ddcdbdda
ddcdabdd
ddcdadbd
ddcdaddb
ddcddabd
ddcddadb
ddcddbad
ddcddbda
ddcdddba
ddcdddab
ddacbddd
ddacdbdd
ddacddbd
ddacdddb
ddabcddd
ddabdcdd
ddabddcd
ddabdddc
ddadbcdd
ddadbdcd
ddadbddc
ddadcbdd
ddadcdbd
ddadcddb
ddaddcbd
ddaddcdb
ddaddbcd
ddaddbdc
ddadddbc
ddadddcb
ddbacddd
ddbadcdd
ddbaddcd
ddbadddc
ddbcaddd
ddbcdadd
ddbcddad
ddbcddda
ddbdcadd
ddbdcdad
ddbdcdda
ddbdacdd
ddbdadcd
ddbdaddc
ddbddacd
ddbddadc
ddbddcad
ddbddcda
ddbdddca
ddbdddac
dddabcdd
dddabdcd
dddabddc
dddacbdd
dddacdbd
dddacddb
dddadcbd
dddadcdb
dddadbcd
dddadbdc
dddaddbc
dddaddcb
dddbacdd
dddbadcd
dddbaddc
dddbcadd
dddbcdad
dddbcdda
dddbdcad
dddbdcda
dddbdacd
dddbdadc
dddbddac
dddbddca
dddcbadd
dddcbdad
dddcbdda
dddcabdd
dddcadbd
dddcaddb
dddcdabd
dddcdadb
dddcdbad
dddcdbda
dddcddba
dddcddab
ddddbcad
ddddbcda
ddddbacd
ddddbadc
ddddbdac
ddddbdca
ddddcbad
ddddcbda
ddddcabd
ddddcadb
ddddcdab
ddddcdba
ddddacbd
ddddacdb
ddddabcd
ddddabdc
ddddadbc
ddddadcb
dddddcab
dddddcba
dddddacb
dddddabc
dddddbac
dddddbca
336
