aaaaaaaaacaaaaacaaaa
aaaaaaaaacaaaaaacaaa
aaaaaaaaacaaaaaaacaa
aaaaaaaaacaaaaaaaaca
aaaaaaaaacaaaaaaaaac
aaaaaaaaacaaaacaaaaa
aaaaaaaaacaaacaaaaaa
aaaaaaaaacaacaaaaaaa
aaaaaaaaacacaaaaaaaa
aaaaaaaaaccaaaaaaaaa
aaaaaaaaaacaaaacaaaa
aaaaaaaaaacaaaaacaaa
aaaaaaaaaacaaaaaacaa
aaaaaaaaaacaaaaaaaca
aaaaaaaaaacaaaaaaaac
aaaaaaaaaacaaacaaaaa
aaaaaaaaaacaacaaaaaa
aaaaaaaaaacacaaaaaaa
aaaaaaaaaaccaaaaaaaa
aaaaaaaaaaacaaacaaaa
aaaaaaaaaaacaaaacaaa
aaaaaaaaaaacaaaaacaa
aaaaaaaaaaacaaaaaaca
aaaaaaaaaaacaaaaaaac
aaaaaaaaaaacaacaaaaa
aaaaaaaaaaacacaaaaaa
aaaaaaaaaaaccaaaaaaa
aaaaaaaaaaaacaacaaaa
aaaaaaaaaaaacaaacaaa
aaaaaaaaaaaacaaaacaa
aaaaaaaaaaaacaaaaaca
aaaaaaaaaaaacaaaaaac
aaaaaaaaaaaacacaaaaa
aaaaaaaaaaaaccaaaaaa
aaaaaaaaaaaaacacaaaa
aaaaaaaaaaaaacaacaaa
aaaaaaaaaaaaacaaacaa
aaaaaaaaaaaaacaaaaca
aaaaaaaaaaaaacaaaaac
aaaaaaaaaaaaaccaaaaa
aaaaaaaaaaaaaaccaaaa
aaaaaaaaaaaaaacacaaa
aaaaaaaaaaaaaacaacaa
aaaaaaaaaaaaaacaaaca
aaaaaaaaaaaaaacaaaac
aaaaaaaaaaaaaaaccaaa
aaaaaaaaaaaaaaacacaa
aaaaaaaaaaaaaaacaaca
aaaaaaaaaaaaaaacaaac
aaaaaaaaaaaaaaaaccaa
aaaaaaaaaaaaaaaacaca
aaaaaaaaaaaaaaaacaac
aaaaaaaaaaaaaaaaacca
aaaaaaaaaaaaaaaaacac
aaaaaaaaaaaaaaaaaacc
aaaaaaaacaaaaaacaaaa
aaaaaaaacaaaaaaacaaa
aaaaaaaacaaaaaaaacaa
aaaaaaaacaaaaaaaaaca
aaaaaaaacaaaaaaaaaac
aaaaaaaacaaaaacaaaaa
aaaaaaaacaaaacaaaaaa
aaaaaaaacaaacaaaaaaa
aaaaaaaacaacaaaaaaaa
aaaaaaaacacaaaaaaaaa
aaaaaaaaccaaaaaaaaaa
aaaaaaacaaaaaaacaaaa
aaaaaaacaaaaaaaacaaa
aaaaaaacaaaaaaaaacaa
aaaaaaacaaaaaaaaaaca
aaaaaaacaaaaaaaaaaac
aaaaaaacaaaaaacaaaaa
aaaaaaacaaaaacaaaaaa
aaaaaaacaaaacaaaaaaa
aaaaaaacaaacaaaaaaaa
aaaaaaacaacaaaaaaaaa
aaaaaaacacaaaaaaaaaa
aaaaaaaccaaaaaaaaaaa
aaaaaacaaaaaaaacaaaa
aaaaaacaaaaaaaaacaaa
aaaaaacaaaaaaaaaacaa
aaaaaacaaaaaaaaaaaca
aaaaaacaaaaaaaaaaaac
aaaaaacaaaaaaacaaaaa
aaaaaacaaaaaacaaaaaa
aaaaaacaaaaacaaaaaaa
aaaaaacaaaacaaaaaaaa
aaaaaacaaacaaaaaaaaa
aaaaaacaacaaaaaaaaaa
aaaaaacacaaaaaaaaaaa
aaaaaaccaaaaaaaaaaaa
aaaaacaaaaaaaaacaaaa
aaaaacaaaaaaaaaacaaa
aaaaacaaaaaaaaaaacaa
aaaaacaaaaaaaaaaaaca
aaaaacaaaaaaaaaaaaac
aaaaacaaaaaaaacaaaaa
aaaaacaaaaaaacaaaaaa
aaaaacaaaaaacaaaaaaa
aaaaacaaaaacaaaaaaaa
aaaaacaaaacaaaaaaaaa
aaaaacaaacaaaaaaaaaa
aaaaacaacaaaaaaaaaaa
aaaaacacaaaaaaaaaaaa
aaaaaccaaaaaaaaaaaaa
aaaacaaaaaaaaaacaaaa
aaaacaaaaaaaaaaacaaa
aaaacaaaaaaaaaaaacaa
aaaacaaaaaaaaaaaaaca
aaaacaaaaaaaaaaaaaac
aaaacaaaaaaaaacaaaaa
aaaacaaaaaaaacaaaaaa
aaaacaaaaaaacaaaaaaa
aaaacaaaaaacaaaaaaaa
aaaacaaaaacaaaaaaaaa
aaaacaaaacaaaaaaaaaa
aaaacaaacaaaaaaaaaaa
aaaacaacaaaaaaaaaaaa
aaaacacaaaaaaaaaaaaa
aaaaccaaaaaaaaaaaaaa
aaacaaaaaaaaaaacaaaa
aaacaaaaaaaaaaaacaaa
aaacaaaaaaaaaaaaacaa
aaacaaaaaaaaaaaaaaca
aaacaaaaaaaaaaaaaaac
aaacaaaaaaaaaacaaaaa
aaacaaaaaaaaacaaaaaa
aaacaaaaaaaacaaaaaaa
aaacaaaaaaacaaaaaaaa
aaacaaaaaacaaaaaaaaa
aaacaaaaacaaaaaaaaaa
aaacaaaacaaaaaaaaaaa
aaacaaacaaaaaaaaaaaa
aaacaacaaaaaaaaaaaaa
aaacacaaaaaaaaaaaaaa
aaaccaaaaaaaaaaaaaaa
aacaaaaaaaaaaaacaaaa
aacaaaaaaaaaaaaacaaa
aacaaaaaaaaaaaaaacaa
aacaaaaaaaaaaaaaaaca
aacaaaaaaaaaaaaaaaac
aacaaaaaaaaaaacaaaaa
aacaaaaaaaaaacaaaaaa
aacaaaaaaaaacaaaaaaa
aacaaaaaaaacaaaaaaaa
aacaaaaaaacaaaaaaaaa
aacaaaaaacaaaaaaaaaa
aacaaaaacaaaaaaaaaaa
aacaaaacaaaaaaaaaaaa
aacaaacaaaaaaaaaaaaa
aacaacaaaaaaaaaaaaaa
aacacaaaaaaaaaaaaaaa
aaccaaaaaaaaaaaaaaaa
acaaaaaaaaaaaaacaaaa
acaaaaaaaaaaaaaacaaa
acaaaaaaaaaaaaaaacaa
acaaaaaaaaaaaaaaaaca
acaaaaaaaaaaaaaaaaac
acaaaaaaaaaaaacaaaaa
acaaaaaaaaaaacaaaaaa
acaaaaaaaaaacaaaaaaa
acaaaaaaaaacaaaaaaaa
acaaaaaaaacaaaaaaaaa
acaaaaaaacaaaaaaaaaa
acaaaaaacaaaaaaaaaaa
acaaaaacaaaaaaaaaaaa
acaaaacaaaaaaaaaaaaa
acaaacaaaaaaaaaaaaaa
acaacaaaaaaaaaaaaaaa
acacaaaaaaaaaaaaaaaa
accaaaaaaaaaaaaaaaaa
caaaaaaaaaaaaaacaaaa
caaaaaaaaaaaaaaacaaa
caaaaaaaaaaaaaaaacaa
caaaaaaaaaaaaaaaaaca
caaaaaaaaaaaaaaaaaac
caaaaaaaaaaaaacaaaaa
caaaaaaaaaaaacaaaaaa
caaaaaaaaaaacaaaaaaa
caaaaaaaaaacaaaaaaaa
caaaaaaaaacaaaaaaaaa
caaaaaaaacaaaaaaaaaa
caaaaaaacaaaaaaaaaaa
caaaaaacaaaaaaaaaaaa
caaaaacaaaaaaaaaaaaa
caaaacaaaaaaaaaaaaaa
caaacaaaaaaaaaaaaaaa
caacaaaaaaaaaaaaaaaa
cacaaaaaaaaaaaaaaaaa
ccaaaaaaaaaaaaaaaaaa
190
