aaacaaadda
aaacaaadad
aaacaaaadd
aaacaadada
aaacaadaad
aaacaaddaa
aaacadaada
aaacadaaad
aaacadadaa
aaacaddaaa
aaacdaaada
aaacdaaaad
aaacdaadaa
aaacdadaaa
aaacddaaaa
aaaacaadda
aaaacaadad
aaaacaaadd
aaaacadada
aaaacadaad
aaaacaddaa
aaaacdaada
aaaacdaaad
aaaacdadaa
aaaacddaaa
aaaaacadda
aaaaacadad
aaaaacaadd
aaaaacdada
aaaaacdaad
aaaaacddaa
aaaaaacdda
aaaaaacdad
aaaaaacadd
aaaaaadcda
aaaaaadcad
aaaaaaddca
aaaaaaddac
aaaaaadadc
aaaaaadacd
aaaaaaaddc
aaaaaaadcd
aaaaaaacdd
aaaaadacda
aaaaadacad
aaaaadadca
aaaaadadac
aaaaadaadc
aaaaadaacd
aaaaadcada
aaaaadcaad
aaaaadcdaa
aaaaaddcaa
aaaaaddaca
aaaaaddaac
aaaadaacda
aaaadaacad
aaaadaadca
aaaadaadac
aaaadaaadc
aaaadaaacd
aaaadacada
aaaadacaad
aaaadacdaa
aaaadadcaa
aaaadadaca
aaaadadaac
aaaadcaada
aaaadcaaad
aaaadcadaa
aaaadcdaaa
aaaaddacaa
aaaaddaaca
aaaaddaaac
aaaaddcaaa
aaadaaacda
aaadaaacad
aaadaaadca
aaadaaadac
aaadaaaadc
aaadaaaacd
aaadaacada
aaadaacaad
aaadaacdaa
aaadaadcaa
aaadaadaca
aaadaadaac
aaadacaada
aaadacaaad
aaadacadaa
aaadacdaaa
aaadadacaa
aaadadaaca
aaadadaaac
aaadadcaaa
aaadcaaada
aaadcaaaad
aaadcaadaa
aaadcadaaa
aaadcdaaaa
aaaddaacaa
aaaddaaaca
aaaddaaaac
aaaddacaaa
aaaddcaaaa
aacaaaadda
aacaaaadad
aacaaaaadd
aacaaadada
aacaaadaad
aacaaaddaa
aacaadaada
aacaadaaad
aacaadadaa
aacaaddaaa
aacadaaada
aacadaaaad
aacadaadaa
aacadadaaa
aacaddaaaa
aacdaaaada
aacdaaaaad
aacdaaadaa
aacdaadaaa
aacdadaaaa
aacddaaaaa
aadcaaaada
aadcaaaaad
aadcaaadaa
aadcaadaaa
aadcadaaaa
aadcdaaaaa
aadacaaada
aadacaaaad
aadacaadaa
aadacadaaa
aadacdaaaa
aadaacaada
aadaacaaad
aadaacadaa
aadaacdaaa
aadaaacada
aadaaacaad
aadaaacdaa
aadaaaacda
aadaaaacad
aadaaaadca
aadaaaadac
aadaaaaadc
aadaaaaacd
aadaaadaca
aadaaadaac
aadaaadcaa
aadaadaaca
aadaadaaac
aadaadacaa
aadaadcaaa
aadadaaaca
aadadaaaac
aadadaacaa
aadadacaaa
aadadcaaaa
aaddaaaaca
aaddaaaaac
aaddaaacaa
aaddaacaaa
aaddacaaaa
aaddcaaaaa
acaaaaadda
acaaaaadad
acaaaaaadd
acaaaadada
acaaaadaad
acaaaaddaa
acaaadaada
acaaadaaad
acaaadadaa
acaaaddaaa
acaadaaada
acaadaaaad
acaadaadaa
acaadadaaa
acaaddaaaa
acadaaaada
acadaaaaad
acadaaadaa
acadaadaaa
acadadaaaa
acaddaaaaa
acdaaaaada
acdaaaaaad
acdaaaadaa
acdaaadaaa
acdaadaaaa
acdadaaaaa
acddaaaaaa
adacaaaada
adacaaaaad
adacaaadaa
adacaadaaa
adacadaaaa
adacdaaaaa
adaacaaada
adaacaaaad
adaacaadaa
adaacadaaa
adaacdaaaa
adaaacaada
adaaacaaad
adaaacadaa
adaaacdaaa
adaaaacada
adaaaacaad
adaaaacdaa
adaaaaacda
adaaaaacad
adaaaaadca
adaaaaadac
adaaaaaadc
adaaaaaacd
adaaaadaca
adaaaadaac
adaaaadcaa
adaaadaaca
adaaadaaac
adaaadacaa
adaaadcaaa
adaadaaaca
adaadaaaac
adaadaacaa
adaadacaaa
adaadcaaaa
adadaaaaca
adadaaaaac
adadaaacaa
adadaacaaa
adadacaaaa
adadcaaaaa
adcaaaaada
adcaaaaaad
adcaaaadaa
adcaaadaaa
adcaadaaaa
adcadaaaaa
adcdaaaaaa
addcaaaaaa
addacaaaaa
addaacaaaa
addaaacaaa
addaaaacaa
addaaaaaca
addaaaaaac
caaaaaadda
caaaaaadad
caaaaaaadd
caaaaadada
caaaaadaad
caaaaaddaa
caaaadaada
caaaadaaad
caaaadadaa
caaaaddaaa
caaadaaada
caaadaaaad
caaadaadaa
caaadadaaa
caaaddaaaa
caadaaaada
caadaaaaad
caadaaadaa
caadaadaaa
caadadaaaa
caaddaaaaa
cadaaaaada
cadaaaaaad
cadaaaadaa
cadaaadaaa
cadaadaaaa
cadadaaaaa
caddaaaaaa
cdaaaaaada
cdaaaaaaad
cdaaaaadaa
cdaaaadaaa
cdaaadaaaa
cdaadaaaaa
cdadaaaaaa
cddaaaaaaa
daacaaaada
daacaaaaad
daacaaadaa
daacaadaaa
daacadaaaa
daacdaaaaa
daaacaaada
daaacaaaad
daaacaadaa
daaacadaaa
daaacdaaaa
daaaacaada
daaaacaaad
daaaacadaa
daaaacdaaa
daaaaacada
daaaaacaad
daaaaacdaa
daaaaaacda
daaaaaacad
daaaaaadca
daaaaaadac
daaaaaaadc
daaaaaaacd
daaaaadaca
daaaaadaac
daaaaadcaa
daaaadaaca
daaaadaaac
daaaadacaa
daaaadcaaa
daaadaaaca
daaadaaaac
daaadaacaa
daaadacaaa
daaadcaaaa
daadaaaaca
daadaaaaac
daadaaacaa
daadaacaaa
daadacaaaa
daadcaaaaa
dacaaaaada
dacaaaaaad
dacaaaadaa
dacaaadaaa
dacaadaaaa
dacadaaaaa
dacdaaaaaa
dadcaaaaaa
dadacaaaaa
dadaacaaaa
dadaaacaaa
dadaaaacaa
dadaaaaaca
dadaaaaaac
dcaaaaaada
dcaaaaaaad
dcaaaaadaa
dcaaaadaaa
dcaaadaaaa
dcaadaaaaa
dcadaaaaaa
dcdaaaaaaa
ddacaaaaaa
ddaacaaaaa
ddaaacaaaa
ddaaaacaaa
ddaaaaacaa
ddaaaaaaca
ddaaaaaaac
ddcaaaaaaa
360
