aaaadddeee
aaaaddedee
aaaaddeede
aaaaddeeed
aaaadeddee
aaaadedede
aaaadedeed
aaaadeedde
aaaadeeded
aaaadeeedd
aaaaedddee
aaaaeddede
aaaaeddeed
aaaaededde
aaaaededed
aaaaedeedd
aaaaeeddde
aaaaeedded
aaaaeededd
aaaaeeeddd
aaadaddeee
aaadadedee
aaadadeede
aaadadeeed
aaadaeddee
aaadaedede
aaadaedeed
aaadaeedde
aaadaeeded
aaadaeeedd
aaaddadeee
aaaddaedee
aaaddaeede
aaaddaeeed
aaadddaeee
aaadddeaee
aaadddeeae
aaadddeeea
aaaddedaee
aaaddedeae
aaaddedeea
aaaddeadee
aaaddeaede
aaaddeaeed
aaaddeeade
aaaddeeaed
aaaddeedae
aaaddeedea
aaaddeeeda
aaaddeeead
aaadeddaee
aaadeddeae
aaadeddeea
aaadedadee
aaadedaede
aaadedaeed
aaadedeade
aaadedeaed
aaadededae
aaadededea
aaadedeeda
aaadedeead
aaadeaddee
aaadeadede
aaadeadeed
aaadeaedde
aaadeaeded
aaadeaeedd
aaadeedade
aaadeedaed
aaadeeddae
aaadeeddea
aaadeededa
aaadeedead
aaadeeadde
aaadeeaded
aaadeeaedd
aaadeeeadd
aaadeeedad
aaadeeedda
aaaedddaee
aaaedddeae
aaaedddeea
aaaeddadee
aaaeddaede
aaaeddaeed
aaaeddeade
aaaeddeaed
aaaeddedae
aaaeddedea
aaaeddeeda
aaaeddeead
aaaedaddee
aaaedadede
aaaedadeed
aaaedaedde
aaaedaeded
aaaedaeedd
aaaededade
aaaededaed
aaaededdae
aaaededdea
aaaedededa
aaaededead
aaaedeadde
aaaedeaded
aaaedeaedd
aaaedeeadd
aaaedeedad
aaaedeedda
aaaeadddee
aaaeaddede
aaaeaddeed
aaaeadedde
aaaeadeded
aaaeadeedd
aaaeaeddde
aaaeaedded
aaaeaededd
aaaeaeeddd
aaaeeddade
aaaeeddaed
aaaeedddae
aaaeedddea
aaaeeddeda
aaaeeddead
aaaeedadde
aaaeedaded
aaaeedaedd
aaaeedeadd
aaaeededad
aaaeededda
aaaeeaddde
aaaeeadded
aaaeeadedd
aaaeeaeddd
aaaeeedadd
aaaeeeddad
aaaeeeddda
aaaeeeaddd
aadaaddeee
aadaadedee
aadaadeede
aadaadeeed
aadaaeddee
aadaaedede
aadaaedeed
aadaaeedde
aadaaeeded
aadaaeeedd
aadadadeee
aadadaedee
aadadaeede
aadadaeeed
aadaddaeee
aadaddeaee
aadaddeeae
aadaddeeea
aadadedaee
aadadedeae
aadadedeea
aadadeadee
aadadeaede
aadadeaeed
aadadeeade
aadadeeaed
aadadeedae
aadadeedea
aadadeeeda
aadadeeead
aadaeddaee
aadaeddeae
aadaeddeea
aadaedadee
aadaedaede
aadaedaeed
aadaedeade
aadaedeaed
aadaededae
aadaededea
aadaedeeda
aadaedeead
aadaeaddee
aadaeadede
aadaeadeed
aadaeaedde
aadaeaeded
aadaeaeedd
aadaeedade
aadaeedaed
aadaeeddae
aadaeeddea
aadaeededa
aadaeedead
aadaeeadde
aadaeeaded
aadaeeaedd
aadaeeeadd
aadaeeedad
aadaeeedda
aaddaadeee
aaddaaedee
aaddaaeede
aaddaaeeed
aaddadaeee
aaddadeaee
aaddadeeae
aaddadeeea
aaddaedaee
aaddaedeae
aaddaedeea
aaddaeadee
aaddaeaede
aaddaeaeed
aaddaeeade
aaddaeeaed
aaddaeedae
aaddaeedea
aaddaeeeda
aaddaeeead
aadddaaeee
aadddaeaee
aadddaeeae
aadddaeeea
aadddeaaee
aadddeaeae
aadddeaeea
aadddeeaae
aadddeeaea
aadddeeeaa
aaddeadaee
aaddeadeae
aaddeadeea
aaddeaadee
aaddeaaede
aaddeaaeed
aaddeaeade
aaddeaeaed
aaddeaedae
aaddeaedea
aaddeaeeda
aaddeaeead
aaddedaaee
aaddedaeae
aaddedaeea
aaddedeaae
aaddedeaea
aaddedeeaa
aaddeedaae
aaddeedaea
aaddeedeaa
aaddeeadae
aaddeeadea
aaddeeaade
aaddeeaaed
aaddeeaead
aaddeeaeda
aaddeeeaad
aaddeeeada
aaddeeedaa
aadeaddaee
aadeaddeae
aadeaddeea
aadeadadee
aadeadaede
aadeadaeed
aadeadeade
aadeadeaed
aadeadedae
aadeadedea
aadeadeeda
aadeadeead
aadeaaddee
aadeaadede
aadeaadeed
aadeaaedde
aadeaaeded
aadeaaeedd
aadeaedade
aadeaedaed
aadeaeddae
aadeaeddea
aadeaededa
aadeaedead
aadeaeadde
aadeaeaded
aadeaeaedd
aadeaeeadd
aadeaeedad
aadeaeedda
aadedadaee
aadedadeae
aadedadeea
aadedaadee
aadedaaede
aadedaaeed
aadedaeade
aadedaeaed
aadedaedae
aadedaedea
aadedaeeda
aadedaeead
aadeddaaee
aadeddaeae
aadeddaeea
aadeddeaae
aadeddeaea
aadeddeeaa
aadededaae
aadededaea
aadededeaa
aadedeadae
aadedeadea
aadedeaade
aadedeaaed
aadedeaead
aadedeaeda
aadedeeaad
aadedeeada
aadedeedaa
aadeeddaae
aadeeddaea
aadeeddeaa
aadeedadae
aadeedadea
aadeedaade
aadeedaaed
aadeedaead
aadeedaeda
aadeedeaad
aadeedeada
aadeededaa
aadeeaddae
aadeeaddea
aadeeadade
aadeeadaed
aadeeadead
aadeeadeda
aadeeaadde
aadeeaaded
aadeeaaedd
aadeeaedad
aadeeaedda
aadeeaeadd
aadeeedaad
aadeeedada
aadeeeddaa
aadeeeadad
aadeeeadda
aadeeeaadd
aaeadddaee
aaeadddeae
aaeadddeea
aaeaddadee
aaeaddaede
aaeaddaeed
aaeaddeade
aaeaddeaed
aaeaddedae
aaeaddedea
aaeaddeeda
aaeaddeead
aaeadaddee
aaeadadede
aaeadadeed
aaeadaedde
aaeadaeded
aaeadaeedd
aaeadedade
aaeadedaed
aaeadeddae
aaeadeddea
aaeadededa
aaeadedead
aaeadeadde
aaeadeaded
aaeadeaedd
aaeadeeadd
aaeadeedad
aaeadeedda
aaeaadddee
aaeaaddede
aaeaaddeed
aaeaadedde
aaeaadeded
aaeaadeedd
aaeaaeddde
aaeaaedded
aaeaaededd
aaeaaeeddd
aaeaeddade
aaeaeddaed
aaeaedddae
aaeaedddea
aaeaeddeda
aaeaeddead
aaeaedadde
aaeaedaded
aaeaedaedd
aaeaedeadd
aaeaededad
aaeaededda
aaeaeaddde
aaeaeadded
aaeaeadedd
aaeaeaeddd
aaeaeedadd
aaeaeeddad
aaeaeeddda
aaeaeeaddd
aaedaddaee
aaedaddeae
aaedaddeea
aaedadadee
aaedadaede
aaedadaeed
aaedadeade
aaedadeaed
aaedadedae
aaedadedea
aaedadeeda
aaedadeead
aaedaaddee
aaedaadede
aaedaadeed
aaedaaedde
aaedaaeded
aaedaaeedd
aaedaedade
aaedaedaed
aaedaeddae
aaedaeddea
aaedaededa
aaedaedead
aaedaeadde
aaedaeaded
aaedaeaedd
aaedaeeadd
aaedaeedad
aaedaeedda
aaeddadaee
aaeddadeae
aaeddadeea
aaeddaadee
aaeddaaede
aaeddaaeed
aaeddaeade
aaeddaeaed
aaeddaedae
aaeddaedea
aaeddaeeda
aaeddaeead
aaedddaaee
aaedddaeae
aaedddaeea
aaedddeaae
aaedddeaea
aaedddeeaa
aaeddedaae
aaeddedaea
aaeddedeaa
aaeddeadae
aaeddeadea
aaeddeaade
aaeddeaaed
aaeddeaead
aaeddeaeda
aaeddeeaad
aaeddeeada
aaeddeedaa
aaededdaae
aaededdaea
aaededdeaa
aaededadae
aaededadea
aaededaade
aaededaaed
aaededaead
aaededaeda
aaededeaad
aaededeada
aaedededaa
aaedeaddae
aaedeaddea
aaedeadade
aaedeadaed
aaedeadead
aaedeadeda
aaedeaadde
aaedeaaded
aaedeaaedd
aaedeaedad
aaedeaedda
aaedeaeadd
aaedeedaad
aaedeedada
aaedeeddaa
aaedeeadad
aaedeeadda
aaedeeaadd
aaeedddaae
aaeedddaea
aaeedddeaa
aaeeddadae
aaeeddadea
aaeeddaade
aaeeddaaed
aaeeddaead
aaeeddaeda
aaeeddeaad
aaeeddeada
aaeeddedaa
aaeedaddae
aaeedaddea
aaeedadade
aaeedadaed
aaeedadead
aaeedadeda
aaeedaadde
aaeedaaded
aaeedaaedd
aaeedaedad
aaeedaedda
aaeedaeadd
aaeededaad
aaeededada
aaeededdaa
aaeedeadad
aaeedeadda
aaeedeaadd
aaeeadddae
aaeeadddea
aaeeaddade
aaeeaddaed
aaeeaddead
aaeeaddeda
aaeeadadde
aaeeadaded
aaeeadaedd
aaeeadedad
aaeeadedda
aaeeadeadd
aaeeaaddde
aaeeaadded
aaeeaadedd
aaeeaaeddd
aaeeaeddad
aaeeaeddda
aaeeaedadd
aaeeaeaddd
aaeeeddaad
aaeeeddada
aaeeedddaa
aaeeedadad
aaeeedadda
aaeeedaadd
aaeeeaddad
aaeeeaddda
aaeeeadadd
aaeeeaaddd
adaaaddeee
adaaadedee
adaaadeede
adaaadeeed
adaaaeddee
adaaaedede
adaaaedeed
adaaaeedde
adaaaeeded
adaaaeeedd
adaadadeee
adaadaedee
adaadaeede
adaadaeeed
adaaddaeee
adaaddeaee
adaaddeeae
adaaddeeea
adaadedaee
adaadedeae
adaadedeea
adaadeadee
adaadeaede
adaadeaeed
adaadeeade
adaadeeaed
adaadeedae
adaadeedea
adaadeeeda
adaadeeead
adaaeddaee
adaaeddeae
adaaeddeea
adaaedadee
adaaedaede
adaaedaeed
adaaedeade
adaaedeaed
adaaededae
adaaededea
adaaedeeda
adaaedeead
adaaeaddee
adaaeadede
adaaeadeed
adaaeaedde
adaaeaeded
adaaeaeedd
adaaeedade
adaaeedaed
adaaeeddae
adaaeeddea
adaaeededa
adaaeedead
adaaeeadde
adaaeeaded
adaaeeaedd
adaaeeeadd
adaaeeedad
adaaeeedda
adadaadeee
adadaaedee
adadaaeede
adadaaeeed
adadadaeee
adadadeaee
adadadeeae
adadadeeea
adadaedaee
adadaedeae
adadaedeea
adadaeadee
adadaeaede
adadaeaeed
adadaeeade
adadaeeaed
adadaeedae
adadaeedea
adadaeeeda
adadaeeead
adaddaaeee
adaddaeaee
adaddaeeae
adaddaeeea
adaddeaaee
adaddeaeae
adaddeaeea
adaddeeaae
adaddeeaea
adaddeeeaa
adadeadaee
adadeadeae
adadeadeea
adadeaadee
adadeaaede
adadeaaeed
adadeaeade
adadeaeaed
adadeaedae
adadeaedea
adadeaeeda
adadeaeead
adadedaaee
adadedaeae
adadedaeea
adadedeaae
adadedeaea
adadedeeaa
adadeedaae
adadeedaea
adadeedeaa
adadeeadae
adadeeadea
adadeeaade
adadeeaaed
adadeeaead
adadeeaeda
adadeeeaad
adadeeeada
adadeeedaa
adaeaddaee
adaeaddeae
adaeaddeea
adaeadadee
adaeadaede
adaeadaeed
adaeadeade
adaeadeaed
adaeadedae
adaeadedea
adaeadeeda
adaeadeead
adaeaaddee
adaeaadede
adaeaadeed
adaeaaedde
adaeaaeded
adaeaaeedd
adaeaedade
adaeaedaed
adaeaeddae
adaeaeddea
adaeaededa
adaeaedead
adaeaeadde
adaeaeaded
adaeaeaedd
adaeaeeadd
adaeaeedad
adaeaeedda
adaedadaee
adaedadeae
adaedadeea
adaedaadee
adaedaaede
adaedaaeed
adaedaeade
adaedaeaed
adaedaedae
adaedaedea
adaedaeeda
adaedaeead
adaeddaaee
adaeddaeae
adaeddaeea
adaeddeaae
adaeddeaea
adaeddeeaa
adaededaae
adaededaea
adaededeaa
adaedeadae
adaedeadea
adaedeaade
adaedeaaed
adaedeaead
adaedeaeda
adaedeeaad
adaedeeada
adaedeedaa
adaeeddaae
adaeeddaea
adaeeddeaa
adaeedadae
adaeedadea
adaeedaade
adaeedaaed
adaeedaead
adaeedaeda
adaeedeaad
adaeedeada
adaeededaa
adaeeaddae
adaeeaddea
adaeeadade
adaeeadaed
adaeeadead
adaeeadeda
adaeeaadde
adaeeaaded
adaeeaaedd
adaeeaedad
adaeeaedda
adaeeaeadd
adaeeedaad
adaeeedada
adaeeeddaa
adaeeeadad
adaeeeadda
adaeeeaadd
addaaadeee
addaaaedee
addaaaeede
addaaaeeed
addaadaeee
addaadeaee
addaadeeae
addaadeeea
addaaedaee
addaaedeae
addaaedeea
addaaeadee
addaaeaede
addaaeaeed
addaaeeade
addaaeeaed
addaaeedae
addaaeedea
addaaeeeda
addaaeeead
addadaaeee
addadaeaee
addadaeeae
addadaeeea
addadeaaee
addadeaeae
addadeaeea
addadeeaae
addadeeaea
addadeeeaa
addaeadaee
addaeadeae
addaeadeea
addaeaadee
addaeaaede
addaeaaeed
addaeaeade
addaeaeaed
addaeaedae
addaeaedea
addaeaeeda
addaeaeead
addaedaaee
addaedaeae
addaedaeea
addaedeaae
addaedeaea
addaedeeaa
addaeedaae
addaeedaea
addaeedeaa
addaeeadae
addaeeadea
addaeeaade
addaeeaaed
addaeeaead
addaeeaeda
addaeeeaad
addaeeeada
addaeeedaa
adddaaaeee
adddaaeaee
adddaaeeae
adddaaeeea
adddaeaaee
adddaeaeae
adddaeaeea
adddaeeaae
adddaeeaea
adddaeeeaa
adddeaaaee
adddeaaeae
adddeaaeea
adddeaeaae
adddeaeaea
adddeaeeaa
adddeeaaae
adddeeaaea
adddeeaeaa
adddeeeaaa
addeaadaee
addeaadeae
addeaadeea
addeaaadee
addeaaaede
addeaaaeed
addeaaeade
addeaaeaed
addeaaedae
addeaaedea
addeaaeeda
addeaaeead
addeadaaee
addeadaeae
addeadaeea
addeadeaae
addeadeaea
addeadeeaa
addeaedaae
addeaedaea
addeaedeaa
addeaeadae
addeaeadea
addeaeaade
addeaeaaed
addeaeaead
addeaeaeda
addeaeeaad
addeaeeada
addeaeedaa
addedaaaee
addedaaeae
addedaaeea
addedaeaae
addedaeaea
addedaeeaa
addedeaaae
addedeaaea
addedeaeaa
addedeeaaa
addeeadaae
addeeadaea
addeeadeaa
addeeaadae
addeeaadea
addeeaaade
addeeaaaed
addeeaaead
addeeaaeda
addeeaeaad
addeeaeada
addeeaedaa
addeedaaae
addeedaaea
addeedaeaa
addeedeaaa
addeeedaaa
addeeeadaa
addeeeaada
addeeeaaad
adeaaddaee
adeaaddeae
adeaaddeea
adeaadadee
adeaadaede
adeaadaeed
adeaadeade
adeaadeaed
adeaadedae
adeaadedea
adeaadeeda
adeaadeead
adeaaaddee
adeaaadede
adeaaadeed
adeaaaedde
adeaaaeded
adeaaaeedd
adeaaedade
adeaaedaed
adeaaeddae
adeaaeddea
adeaaededa
adeaaedead
adeaaeadde
adeaaeaded
adeaaeaedd
adeaaeeadd
adeaaeedad
adeaaeedda
adeadadaee
adeadadeae
adeadadeea
adeadaadee
adeadaaede
adeadaaeed
adeadaeade
adeadaeaed
adeadaedae
adeadaedea
adeadaeeda
adeadaeead
adeaddaaee
adeaddaeae
adeaddaeea
adeaddeaae
adeaddeaea
adeaddeeaa
adeadedaae
adeadedaea
adeadedeaa
adeadeadae
adeadeadea
adeadeaade
adeadeaaed
adeadeaead
adeadeaeda
adeadeeaad
adeadeeada
adeadeedaa
adeaeddaae
adeaeddaea
adeaeddeaa
adeaedadae
adeaedadea
adeaedaade
adeaedaaed
adeaedaead
adeaedaeda
adeaedeaad
adeaedeada
adeaededaa
adeaeaddae
adeaeaddea
adeaeadade
adeaeadaed
adeaeadead
adeaeadeda
adeaeaadde
adeaeaaded
adeaeaaedd
adeaeaedad
adeaeaedda
adeaeaeadd
adeaeedaad
adeaeedada
adeaeeddaa
adeaeeadad
adeaeeadda
adeaeeaadd
adedaadaee
adedaadeae
adedaadeea
adedaaadee
adedaaaede
adedaaaeed
adedaaeade
adedaaeaed
adedaaedae
adedaaedea
adedaaeeda
adedaaeead
adedadaaee
adedadaeae
adedadaeea
adedadeaae
adedadeaea
adedadeeaa
adedaedaae
adedaedaea
adedaedeaa
adedaeadae
adedaeadea
adedaeaade
adedaeaaed
adedaeaead
adedaeaeda
adedaeeaad
adedaeeada
adedaeedaa
adeddaaaee
adeddaaeae
adeddaaeea
adeddaeaae
adeddaeaea
adeddaeeaa
adeddeaaae
adeddeaaea
adeddeaeaa
adeddeeaaa
adedeadaae
adedeadaea
adedeadeaa
adedeaadae
adedeaadea
adedeaaade
adedeaaaed
adedeaaead
adedeaaeda
adedeaeaad
adedeaeada
adedeaedaa
adededaaae
adededaaea
adededaeaa
adededeaaa
adedeedaaa
adedeeadaa
adedeeaada
adedeeaaad
adeeaddaae
adeeaddaea
adeeaddeaa
adeeadadae
adeeadadea
adeeadaade
adeeadaaed
adeeadaead
adeeadaeda
adeeadeaad
adeeadeada
adeeadedaa
adeeaaddae
adeeaaddea
adeeaadade
adeeaadaed
adeeaadead
adeeaadeda
adeeaaadde
adeeaaaded
adeeaaaedd
adeeaaedad
adeeaaedda
adeeaaeadd
adeeaedaad
adeeaedada
adeeaeddaa
adeeaeadad
adeeaeadda
adeeaeaadd
adeedadaae
adeedadaea
adeedadeaa
adeedaadae
adeedaadea
adeedaaade
adeedaaaed
adeedaaead
adeedaaeda
adeedaeaad
adeedaeada
adeedaedaa
adeeddaaae
adeeddaaea
adeeddaeaa
adeeddeaaa
adeededaaa
adeedeadaa
adeedeaada
adeedeaaad
adeeeddaaa
adeeedadaa
adeeedaada
adeeedaaad
adeeeaddaa
adeeeadada
adeeeadaad
adeeeaadda
adeeeaadad
adeeeaaadd
aeaadddaee
aeaadddeae
aeaadddeea
aeaaddadee
aeaaddaede
aeaaddaeed
aeaaddeade
aeaaddeaed
aeaaddedae
aeaaddedea
aeaaddeeda
aeaaddeead
aeaadaddee
aeaadadede
aeaadadeed
aeaadaedde
aeaadaeded
aeaadaeedd
aeaadedade
aeaadedaed
aeaadeddae
aeaadeddea
aeaadededa
aeaadedead
aeaadeadde
aeaadeaded
aeaadeaedd
aeaadeeadd
aeaadeedad
aeaadeedda
aeaaadddee
aeaaaddede
aeaaaddeed
aeaaadedde
aeaaadeded
aeaaadeedd
aeaaaeddde
aeaaaedded
aeaaaededd
aeaaaeeddd
aeaaeddade
aeaaeddaed
aeaaedddae
aeaaedddea
aeaaeddeda
aeaaeddead
aeaaedadde
aeaaedaded
aeaaedaedd
aeaaedeadd
aeaaededad
aeaaededda
aeaaeaddde
aeaaeadded
aeaaeadedd
aeaaeaeddd
aeaaeedadd
aeaaeeddad
aeaaeeddda
aeaaeeaddd
aeadaddaee
aeadaddeae
aeadaddeea
aeadadadee
aeadadaede
aeadadaeed
aeadadeade
aeadadeaed
aeadadedae
aeadadedea
aeadadeeda
aeadadeead
aeadaaddee
aeadaadede
aeadaadeed
aeadaaedde
aeadaaeded
aeadaaeedd
aeadaedade
aeadaedaed
aeadaeddae
aeadaeddea
aeadaededa
aeadaedead
aeadaeadde
aeadaeaded
aeadaeaedd
aeadaeeadd
aeadaeedad
aeadaeedda
aeaddadaee
aeaddadeae
aeaddadeea
aeaddaadee
aeaddaaede
aeaddaaeed
aeaddaeade
aeaddaeaed
aeaddaedae
aeaddaedea
aeaddaeeda
aeaddaeead
aeadddaaee
aeadddaeae
aeadddaeea
aeadddeaae
aeadddeaea
aeadddeeaa
aeaddedaae
aeaddedaea
aeaddedeaa
aeaddeadae
aeaddeadea
aeaddeaade
aeaddeaaed
aeaddeaead
aeaddeaeda
aeaddeeaad
aeaddeeada
aeaddeedaa
aeadeddaae
aeadeddaea
aeadeddeaa
aeadedadae
aeadedadea
aeadedaade
aeadedaaed
aeadedaead
aeadedaeda
aeadedeaad
aeadedeada
aeadededaa
aeadeaddae
aeadeaddea
aeadeadade
aeadeadaed
aeadeadead
aeadeadeda
aeadeaadde
aeadeaaded
aeadeaaedd
aeadeaedad
aeadeaedda
aeadeaeadd
aeadeedaad
aeadeedada
aeadeeddaa
aeadeeadad
aeadeeadda
aeadeeaadd
aeaedddaae
aeaedddaea
aeaedddeaa
aeaeddadae
aeaeddadea
aeaeddaade
aeaeddaaed
aeaeddaead
aeaeddaeda
aeaeddeaad
aeaeddeada
aeaeddedaa
aeaedaddae
aeaedaddea
aeaedadade
aeaedadaed
aeaedadead
aeaedadeda
aeaedaadde
aeaedaaded
aeaedaaedd
aeaedaedad
aeaedaedda
aeaedaeadd
aeaededaad
aeaededada
aeaededdaa
aeaedeadad
aeaedeadda
aeaedeaadd
aeaeadddae
aeaeadddea
aeaeaddade
aeaeaddaed
aeaeaddead
aeaeaddeda
aeaeadadde
aeaeadaded
aeaeadaedd
aeaeadedad
aeaeadedda
aeaeadeadd
aeaeaaddde
aeaeaadded
aeaeaadedd
aeaeaaeddd
aeaeaeddad
aeaeaeddda
aeaeaedadd
aeaeaeaddd
aeaeeddaad
aeaeeddada
aeaeedddaa
aeaeedadad
aeaeedadda
aeaeedaadd
aeaeeaddad
aeaeeaddda
aeaeeadadd
aeaeeaaddd
aedaaddaee
aedaaddeae
aedaaddeea
aedaadadee
aedaadaede
aedaadaeed
aedaadeade
aedaadeaed
aedaadedae
aedaadedea
aedaadeeda
aedaadeead
aedaaaddee
aedaaadede
aedaaadeed
aedaaaedde
aedaaaeded
aedaaaeedd
aedaaedade
aedaaedaed
aedaaeddae
aedaaeddea
aedaaededa
aedaaedead
aedaaeadde
aedaaeaded
aedaaeaedd
aedaaeeadd
aedaaeedad
aedaaeedda
aedadadaee
aedadadeae
aedadadeea
aedadaadee
aedadaaede
aedadaaeed
aedadaeade
aedadaeaed
aedadaedae
aedadaedea
aedadaeeda
aedadaeead
aedaddaaee
aedaddaeae
aedaddaeea
aedaddeaae
aedaddeaea
aedaddeeaa
aedadedaae
aedadedaea
aedadedeaa
aedadeadae
aedadeadea
aedadeaade
aedadeaaed
aedadeaead
aedadeaeda
aedadeeaad
aedadeeada
aedadeedaa
aedaeddaae
aedaeddaea
aedaeddeaa
aedaedadae
aedaedadea
aedaedaade
aedaedaaed
aedaedaead
aedaedaeda
aedaedeaad
aedaedeada
aedaededaa
aedaeaddae
aedaeaddea
aedaeadade
aedaeadaed
aedaeadead
aedaeadeda
aedaeaadde
aedaeaaded
aedaeaaedd
aedaeaedad
aedaeaedda
aedaeaeadd
aedaeedaad
aedaeedada
aedaeeddaa
aedaeeadad
aedaeeadda
aedaeeaadd
aeddaadaee
aeddaadeae
aeddaadeea
aeddaaadee
aeddaaaede
aeddaaaeed
aeddaaeade
aeddaaeaed
aeddaaedae
aeddaaedea
aeddaaeeda
aeddaaeead
aeddadaaee
aeddadaeae
aeddadaeea
aeddadeaae
aeddadeaea
aeddadeeaa
aeddaedaae
aeddaedaea
aeddaedeaa
aeddaeadae
aeddaeadea
aeddaeaade
aeddaeaaed
aeddaeaead
aeddaeaeda
aeddaeeaad
aeddaeeada
aeddaeedaa
aedddaaaee
aedddaaeae
aedddaaeea
aedddaeaae
aedddaeaea
aedddaeeaa
aedddeaaae
aedddeaaea
aedddeaeaa
aedddeeaaa
aeddeadaae
aeddeadaea
aeddeadeaa
aeddeaadae
aeddeaadea
aeddeaaade
aeddeaaaed
aeddeaaead
aeddeaaeda
aeddeaeaad
aeddeaeada
aeddeaedaa
aeddedaaae
aeddedaaea
aeddedaeaa
aeddedeaaa
aeddeedaaa
aeddeeadaa
aeddeeaada
aeddeeaaad
aedeaddaae
aedeaddaea
aedeaddeaa
aedeadadae
aedeadadea
aedeadaade
aedeadaaed
aedeadaead
aedeadaeda
aedeadeaad
aedeadeada
aedeadedaa
aedeaaddae
aedeaaddea
aedeaadade
aedeaadaed
aedeaadead
aedeaadeda
aedeaaadde
aedeaaaded
aedeaaaedd
aedeaaedad
aedeaaedda
aedeaaeadd
aedeaedaad
aedeaedada
aedeaeddaa
aedeaeadad
aedeaeadda
aedeaeaadd
aededadaae
aededadaea
aededadeaa
aededaadae
aededaadea
aededaaade
aededaaaed
aededaaead
aededaaeda
aededaeaad
aededaeada
aededaedaa
aededdaaae
aededdaaea
aededdaeaa
aededdeaaa
aedededaaa
aededeadaa
aededeaada
aededeaaad
aedeeddaaa
aedeedadaa
aedeedaada
aedeedaaad
aedeeaddaa
aedeeadada
aedeeadaad
aedeeaadda
aedeeaadad
aedeeaaadd
aeeadddaae
aeeadddaea
aeeadddeaa
aeeaddadae
aeeaddadea
aeeaddaade
aeeaddaaed
aeeaddaead
aeeaddaeda
aeeaddeaad
aeeaddeada
aeeaddedaa
aeeadaddae
aeeadaddea
aeeadadade
aeeadadaed
aeeadadead
aeeadadeda
aeeadaadde
aeeadaaded
aeeadaaedd
aeeadaedad
aeeadaedda
aeeadaeadd
aeeadedaad
aeeadedada
aeeadeddaa
aeeadeadad
aeeadeadda
aeeadeaadd
aeeaadddae
aeeaadddea
aeeaaddade
aeeaaddaed
aeeaaddead
aeeaaddeda
aeeaadadde
aeeaadaded
aeeaadaedd
aeeaadedad
aeeaadedda
aeeaadeadd
aeeaaaddde
aeeaaadded
aeeaaadedd
aeeaaaeddd
aeeaaeddad
aeeaaeddda
aeeaaedadd
aeeaaeaddd
aeeaeddaad
aeeaeddada
aeeaedddaa
aeeaedadad
aeeaedadda
aeeaedaadd
aeeaeaddad
aeeaeaddda
aeeaeadadd
aeeaeaaddd
aeedaddaae
aeedaddaea
aeedaddeaa
aeedadadae
aeedadadea
aeedadaade
aeedadaaed
aeedadaead
aeedadaeda
aeedadeaad
aeedadeada
aeedadedaa
aeedaaddae
aeedaaddea
aeedaadade
aeedaadaed
aeedaadead
aeedaadeda
aeedaaadde
aeedaaaded
aeedaaaedd
aeedaaedad
aeedaaedda
aeedaaeadd
aeedaedaad
aeedaedada
aeedaeddaa
aeedaeadad
aeedaeadda
aeedaeaadd
aeeddadaae
aeeddadaea
aeeddadeaa
aeeddaadae
aeeddaadea
aeeddaaade
aeeddaaaed
aeeddaaead
aeeddaaeda
aeeddaeaad
aeeddaeada
aeeddaedaa
aeedddaaae
aeedddaaea
aeedddaeaa
aeedddeaaa
aeeddedaaa
aeeddeadaa
aeeddeaada
aeeddeaaad
aeededdaaa
aeededadaa
aeededaada
aeededaaad
aeedeaddaa
aeedeadada
aeedeadaad
aeedeaadda
aeedeaadad
aeedeaaadd
aeeedddaaa
aeeeddadaa
aeeeddaada
aeeeddaaad
aeeedaddaa
aeeedadada
aeeedadaad
aeeedaadda
aeeedaadad
aeeedaaadd
aeeeadddaa
aeeeaddada
aeeeaddaad
aeeeadadda
aeeeadadad
aeeeadaadd
aeeeaaddda
aeeeaaddad
aeeeaadadd
aeeeaaaddd
daaaaddeee
daaaadedee
daaaadeede
daaaadeeed
daaaaeddee
daaaaedede
daaaaedeed
daaaaeedde
daaaaeeded
daaaaeeedd
daaadadeee
daaadaedee
daaadaeede
daaadaeeed
daaaddaeee
daaaddeaee
daaaddeeae
daaaddeeea
daaadedaee
daaadedeae
daaadedeea
daaadeadee
daaadeaede
daaadeaeed
daaadeeade
daaadeeaed
daaadeedae
daaadeedea
daaadeeeda
daaadeeead
daaaeddaee
daaaeddeae
daaaeddeea
daaaedadee
daaaedaede
daaaedaeed
daaaedeade
daaaedeaed
daaaededae
daaaededea
daaaedeeda
daaaedeead
daaaeaddee
daaaeadede
daaaeadeed
daaaeaedde
daaaeaeded
daaaeaeedd
daaaeedade
daaaeedaed
daaaeeddae
daaaeeddea
daaaeededa
daaaeedead
daaaeeadde
daaaeeaded
daaaeeaedd
daaaeeeadd
daaaeeedad
daaaeeedda
daadaadeee
daadaaedee
daadaaeede
daadaaeeed
daadadaeee
daadadeaee
daadadeeae
daadadeeea
daadaedaee
daadaedeae
daadaedeea
daadaeadee
daadaeaede
daadaeaeed
daadaeeade
daadaeeaed
daadaeedae
daadaeedea
daadaeeeda
daadaeeead
daaddaaeee
daaddaeaee
daaddaeeae
daaddaeeea
daaddeaaee
daaddeaeae
daaddeaeea
daaddeeaae
daaddeeaea
daaddeeeaa
daadeadaee
daadeadeae
daadeadeea
daadeaadee
daadeaaede
daadeaaeed
daadeaeade
daadeaeaed
daadeaedae
daadeaedea
daadeaeeda
daadeaeead
daadedaaee
daadedaeae
daadedaeea
daadedeaae
daadedeaea
daadedeeaa
daadeedaae
daadeedaea
daadeedeaa
daadeeadae
daadeeadea
daadeeaade
daadeeaaed
daadeeaead
daadeeaeda
daadeeeaad
daadeeeada
daadeeedaa
daaeaddaee
daaeaddeae
daaeaddeea
daaeadadee
daaeadaede
daaeadaeed
daaeadeade
daaeadeaed
daaeadedae
daaeadedea
daaeadeeda
daaeadeead
daaeaaddee
daaeaadede
daaeaadeed
daaeaaedde
daaeaaeded
daaeaaeedd
daaeaedade
daaeaedaed
daaeaeddae
daaeaeddea
daaeaededa
daaeaedead
daaeaeadde
daaeaeaded
daaeaeaedd
daaeaeeadd
daaeaeedad
daaeaeedda
daaedadaee
daaedadeae
daaedadeea
daaedaadee
daaedaaede
daaedaaeed
daaedaeade
daaedaeaed
daaedaedae
daaedaedea
daaedaeeda
daaedaeead
daaeddaaee
daaeddaeae
daaeddaeea
daaeddeaae
daaeddeaea
daaeddeeaa
daaededaae
daaededaea
daaededeaa
daaedeadae
daaedeadea
daaedeaade
daaedeaaed
daaedeaead
daaedeaeda
daaedeeaad
daaedeeada
daaedeedaa
daaeeddaae
daaeeddaea
daaeeddeaa
daaeedadae
daaeedadea
daaeedaade
daaeedaaed
daaeedaead
daaeedaeda
daaeedeaad
daaeedeada
daaeededaa
daaeeaddae
daaeeaddea
daaeeadade
daaeeadaed
daaeeadead
daaeeadeda
daaeeaadde
daaeeaaded
daaeeaaedd
daaeeaedad
daaeeaedda
daaeeaeadd
daaeeedaad
daaeeedada
daaeeeddaa
daaeeeadad
daaeeeadda
daaeeeaadd
dadaaadeee
dadaaaedee
dadaaaeede
dadaaaeeed
dadaadaeee
dadaadeaee
dadaadeeae
dadaadeeea
dadaaedaee
dadaaedeae
dadaaedeea
dadaaeadee
dadaaeaede
dadaaeaeed
dadaaeeade
dadaaeeaed
dadaaeedae
dadaaeedea
dadaaeeeda
dadaaeeead
dadadaaeee
dadadaeaee
dadadaeeae
dadadaeeea
dadadeaaee
dadadeaeae
dadadeaeea
dadadeeaae
dadadeeaea
dadadeeeaa
dadaeadaee
dadaeadeae
dadaeadeea
dadaeaadee
dadaeaaede
dadaeaaeed
dadaeaeade
dadaeaeaed
dadaeaedae
dadaeaedea
dadaeaeeda
dadaeaeead
dadaedaaee
dadaedaeae
dadaedaeea
dadaedeaae
dadaedeaea
dadaedeeaa
dadaeedaae
dadaeedaea
dadaeedeaa
dadaeeadae
dadaeeadea
dadaeeaade
dadaeeaaed
dadaeeaead
dadaeeaeda
dadaeeeaad
dadaeeeada
dadaeeedaa
daddaaaeee
daddaaeaee
daddaaeeae
daddaaeeea
daddaeaaee
daddaeaeae
daddaeaeea
daddaeeaae
daddaeeaea
daddaeeeaa
daddeaaaee
daddeaaeae
daddeaaeea
daddeaeaae
daddeaeaea
daddeaeeaa
daddeeaaae
daddeeaaea
daddeeaeaa
daddeeeaaa
dadeaadaee
dadeaadeae
dadeaadeea
dadeaaadee
dadeaaaede
dadeaaaeed
dadeaaeade
dadeaaeaed
dadeaaedae
dadeaaedea
dadeaaeeda
dadeaaeead
dadeadaaee
dadeadaeae
dadeadaeea
dadeadeaae
dadeadeaea
dadeadeeaa
dadeaedaae
dadeaedaea
dadeaedeaa
dadeaeadae
dadeaeadea
dadeaeaade
dadeaeaaed
dadeaeaead
dadeaeaeda
dadeaeeaad
dadeaeeada
dadeaeedaa
dadedaaaee
dadedaaeae
dadedaaeea
dadedaeaae
dadedaeaea
dadedaeeaa
dadedeaaae
dadedeaaea
dadedeaeaa
dadedeeaaa
dadeeadaae
dadeeadaea
dadeeadeaa
dadeeaadae
dadeeaadea
dadeeaaade
dadeeaaaed
dadeeaaead
dadeeaaeda
dadeeaeaad
dadeeaeada
dadeeaedaa
dadeedaaae
dadeedaaea
dadeedaeaa
dadeedeaaa
dadeeedaaa
dadeeeadaa
dadeeeaada
dadeeeaaad
daeaaddaee
daeaaddeae
daeaaddeea
daeaadadee
daeaadaede
daeaadaeed
daeaadeade
daeaadeaed
daeaadedae
daeaadedea
daeaadeeda
daeaadeead
daeaaaddee
daeaaadede
daeaaadeed
daeaaaedde
daeaaaeded
daeaaaeedd
daeaaedade
daeaaedaed
daeaaeddae
daeaaeddea
daeaaededa
daeaaedead
daeaaeadde
daeaaeaded
daeaaeaedd
daeaaeeadd
daeaaeedad
daeaaeedda
daeadadaee
daeadadeae
daeadadeea
daeadaadee
daeadaaede
daeadaaeed
daeadaeade
daeadaeaed
daeadaedae
daeadaedea
daeadaeeda
daeadaeead
daeaddaaee
daeaddaeae
daeaddaeea
daeaddeaae
daeaddeaea
daeaddeeaa
daeadedaae
daeadedaea
daeadedeaa
daeadeadae
daeadeadea
daeadeaade
daeadeaaed
daeadeaead
daeadeaeda
daeadeeaad
daeadeeada
daeadeedaa
daeaeddaae
daeaeddaea
daeaeddeaa
daeaedadae
daeaedadea
daeaedaade
daeaedaaed
daeaedaead
daeaedaeda
daeaedeaad
daeaedeada
daeaededaa
daeaeaddae
daeaeaddea
daeaeadade
daeaeadaed
daeaeadead
daeaeadeda
daeaeaadde
daeaeaaded
daeaeaaedd
daeaeaedad
daeaeaedda
daeaeaeadd
daeaeedaad
daeaeedada
daeaeeddaa
daeaeeadad
daeaeeadda
daeaeeaadd
daedaadaee
daedaadeae
daedaadeea
daedaaadee
daedaaaede
daedaaaeed
daedaaeade
daedaaeaed
daedaaedae
daedaaedea
daedaaeeda
daedaaeead
daedadaaee
daedadaeae
daedadaeea
daedadeaae
daedadeaea
daedadeeaa
daedaedaae
daedaedaea
daedaedeaa
daedaeadae
daedaeadea
daedaeaade
daedaeaaed
daedaeaead
daedaeaeda
daedaeeaad
daedaeeada
daedaeedaa
daeddaaaee
daeddaaeae
daeddaaeea
daeddaeaae
daeddaeaea
daeddaeeaa
daeddeaaae
daeddeaaea
daeddeaeaa
daeddeeaaa
daedeadaae
daedeadaea
daedeadeaa
daedeaadae
daedeaadea
daedeaaade
daedeaaaed
daedeaaead
daedeaaeda
daedeaeaad
daedeaeada
daedeaedaa
daededaaae
daededaaea
daededaeaa
daededeaaa
daedeedaaa
daedeeadaa
daedeeaada
daedeeaaad
daeeaddaae
daeeaddaea
daeeaddeaa
daeeadadae
daeeadadea
daeeadaade
daeeadaaed
daeeadaead
daeeadaeda
daeeadeaad
daeeadeada
daeeadedaa
daeeaaddae
daeeaaddea
daeeaadade
daeeaadaed
daeeaadead
daeeaadeda
daeeaaadde
daeeaaaded
daeeaaaedd
daeeaaedad
daeeaaedda
daeeaaeadd
daeeaedaad
daeeaedada
daeeaeddaa
daeeaeadad
daeeaeadda
daeeaeaadd
daeedadaae
daeedadaea
daeedadeaa
daeedaadae
daeedaadea
daeedaaade
daeedaaaed
daeedaaead
daeedaaeda
daeedaeaad
daeedaeada
daeedaedaa
daeeddaaae
daeeddaaea
daeeddaeaa
daeeddeaaa
daeededaaa
daeedeadaa
daeedeaada
daeedeaaad
daeeeddaaa
daeeedadaa
daeeedaada
daeeedaaad
daeeeaddaa
daeeeadada
daeeeadaad
daeeeaadda
daeeeaadad
daeeeaaadd
ddaaaadeee
ddaaaaedee
ddaaaaeede
ddaaaaeeed
ddaaadaeee
ddaaadeaee
ddaaadeeae
ddaaadeeea
ddaaaedaee
ddaaaedeae
ddaaaedeea
ddaaaeadee
ddaaaeaede
ddaaaeaeed
ddaaaeeade
ddaaaeeaed
ddaaaeedae
ddaaaeedea
ddaaaeeeda
ddaaaeeead
ddaadaaeee
ddaadaeaee
ddaadaeeae
ddaadaeeea
ddaadeaaee
ddaadeaeae
ddaadeaeea
ddaadeeaae
ddaadeeaea
ddaadeeeaa
ddaaeadaee
ddaaeadeae
ddaaeadeea
ddaaeaadee
ddaaeaaede
ddaaeaaeed
ddaaeaeade
ddaaeaeaed
ddaaeaedae
ddaaeaedea
ddaaeaeeda
ddaaeaeead
ddaaedaaee
ddaaedaeae
ddaaedaeea
ddaaedeaae
ddaaedeaea
ddaaedeeaa
ddaaeedaae
ddaaeedaea
ddaaeedeaa
ddaaeeadae
ddaaeeadea
ddaaeeaade
ddaaeeaaed
ddaaeeaead
ddaaeeaeda
ddaaeeeaad
ddaaeeeada
ddaaeeedaa
ddadaaaeee
ddadaaeaee
ddadaaeeae
ddadaaeeea
ddadaeaaee
ddadaeaeae
ddadaeaeea
ddadaeeaae
ddadaeeaea
ddadaeeeaa
ddadeaaaee
ddadeaaeae
ddadeaaeea
ddadeaeaae
ddadeaeaea
ddadeaeeaa
ddadeeaaae
ddadeeaaea
ddadeeaeaa
ddadeeeaaa
ddaeaadaee
ddaeaadeae
ddaeaadeea
ddaeaaadee
ddaeaaaede
ddaeaaaeed
ddaeaaeade
ddaeaaeaed
ddaeaaedae
ddaeaaedea
ddaeaaeeda
ddaeaaeead
ddaeadaaee
ddaeadaeae
ddaeadaeea
ddaeadeaae
ddaeadeaea
ddaeadeeaa
ddaeaedaae
ddaeaedaea
ddaeaedeaa
ddaeaeadae
ddaeaeadea
ddaeaeaade
ddaeaeaaed
ddaeaeaead
ddaeaeaeda
ddaeaeeaad
ddaeaeeada
ddaeaeedaa
ddaedaaaee
ddaedaaeae
ddaedaaeea
ddaedaeaae
ddaedaeaea
ddaedaeeaa
ddaedeaaae
ddaedeaaea
ddaedeaeaa
ddaedeeaaa
ddaeeadaae
ddaeeadaea
ddaeeadeaa
ddaeeaadae
ddaeeaadea
ddaeeaaade
ddaeeaaaed
ddaeeaaead
ddaeeaaeda
ddaeeaeaad
ddaeeaeada
ddaeeaedaa
ddaeedaaae
ddaeedaaea
ddaeedaeaa
ddaeedeaaa
ddaeeedaaa
ddaeeeadaa
ddaeeeaada
ddaeeeaaad
dddaaaaeee
dddaaaeaee
dddaaaeeae
dddaaaeeea
dddaaeaaee
dddaaeaeae
dddaaeaeea
dddaaeeaae
dddaaeeaea
dddaaeeeaa
dddaeaaaee
dddaeaaeae
dddaeaaeea
dddaeaeaae
dddaeaeaea
dddaeaeeaa
dddaeeaaae
dddaeeaaea
dddaeeaeaa
dddaeeeaaa
dddeaaaaee
dddeaaaeae
dddeaaaeea
dddeaaeaae
dddeaaeaea
dddeaaeeaa
dddeaeaaae
dddeaeaaea
dddeaeaeaa
dddeaeeaaa
dddeeaaaae
dddeeaaaea
dddeeaaeaa
dddeeaeaaa
dddeeeaaaa
ddeaaadaee
ddeaaadeae
ddeaaadeea
ddeaaaadee
ddeaaaaede
ddeaaaaeed
ddeaaaeade
ddeaaaeaed
ddeaaaedae
ddeaaaedea
ddeaaaeeda
ddeaaaeead
ddeaadaaee
ddeaadaeae
ddeaadaeea
ddeaadeaae
ddeaadeaea
ddeaadeeaa
ddeaaedaae
ddeaaedaea
ddeaaedeaa
ddeaaeadae
ddeaaeadea
ddeaaeaade
ddeaaeaaed
ddeaaeaead
ddeaaeaeda
ddeaaeeaad
ddeaaeeada
ddeaaeedaa
ddeadaaaee
ddeadaaeae
ddeadaaeea
ddeadaeaae
ddeadaeaea
ddeadaeeaa
ddeadeaaae
ddeadeaaea
ddeadeaeaa
ddeadeeaaa
ddeaeadaae
ddeaeadaea
ddeaeadeaa
ddeaeaadae
ddeaeaadea
ddeaeaaade
ddeaeaaaed
ddeaeaaead
ddeaeaaeda
ddeaeaeaad
ddeaeaeada
ddeaeaedaa
ddeaedaaae
ddeaedaaea
ddeaedaeaa
ddeaedeaaa
ddeaeedaaa
ddeaeeadaa
ddeaeeaada
ddeaeeaaad
ddedaaaaee
ddedaaaeae
ddedaaaeea
ddedaaeaae
ddedaaeaea
ddedaaeeaa
ddedaeaaae
ddedaeaaea
ddedaeaeaa
ddedaeeaaa
ddedeaaaae
ddedeaaaea
ddedeaaeaa
ddedeaeaaa
ddedeeaaaa
ddeeaadaae
ddeeaadaea
ddeeaadeaa
ddeeaaadae
ddeeaaadea
ddeeaaaade
ddeeaaaaed
ddeeaaaead
ddeeaaaeda
ddeeaaeaad
ddeeaaeada
ddeeaaedaa
ddeeadaaae
ddeeadaaea
ddeeadaeaa
ddeeadeaaa
ddeeaedaaa
ddeeaeadaa
ddeeaeaada
ddeeaeaaad
ddeedaaaae
ddeedaaaea
ddeedaaeaa
ddeedaeaaa
ddeedeaaaa
ddeeeadaaa
ddeeeaadaa
ddeeeaaada
ddeeeaaaad
ddeeedaaaa
deaaaddaee
deaaaddeae
deaaaddeea
deaaadadee
deaaadaede
deaaadaeed
deaaadeade
deaaadeaed
deaaadedae
deaaadedea
deaaadeeda
deaaadeead
deaaaaddee
deaaaadede
deaaaadeed
deaaaaedde
deaaaaeded
deaaaaeedd
deaaaedade
deaaaedaed
deaaaeddae
deaaaeddea
deaaaededa
deaaaedead
deaaaeadde
deaaaeaded
deaaaeaedd
deaaaeeadd
deaaaeedad
deaaaeedda
deaadadaee
deaadadeae
deaadadeea
deaadaadee
deaadaaede
deaadaaeed
deaadaeade
deaadaeaed
deaadaedae
deaadaedea
deaadaeeda
deaadaeead
deaaddaaee
deaaddaeae
deaaddaeea
deaaddeaae
deaaddeaea
deaaddeeaa
deaadedaae
deaadedaea
deaadedeaa
deaadeadae
deaadeadea
deaadeaade
deaadeaaed
deaadeaead
deaadeaeda
deaadeeaad
deaadeeada
deaadeedaa
deaaeddaae
deaaeddaea
deaaeddeaa
deaaedadae
deaaedadea
deaaedaade
deaaedaaed
deaaedaead
deaaedaeda
deaaedeaad
deaaedeada
deaaededaa
deaaeaddae
deaaeaddea
deaaeadade
deaaeadaed
deaaeadead
deaaeadeda
deaaeaadde
deaaeaaded
deaaeaaedd
deaaeaedad
deaaeaedda
deaaeaeadd
deaaeedaad
deaaeedada
deaaeeddaa
deaaeeadad
deaaeeadda
deaaeeaadd
deadaadaee
deadaadeae
deadaadeea
deadaaadee
deadaaaede
deadaaaeed
deadaaeade
deadaaeaed
deadaaedae
deadaaedea
deadaaeeda
deadaaeead
deadadaaee
deadadaeae
deadadaeea
deadadeaae
deadadeaea
deadadeeaa
deadaedaae
deadaedaea
deadaedeaa
deadaeadae
deadaeadea
deadaeaade
deadaeaaed
deadaeaead
deadaeaeda
deadaeeaad
deadaeeada
deadaeedaa
deaddaaaee
deaddaaeae
deaddaaeea
deaddaeaae
deaddaeaea
deaddaeeaa
deaddeaaae
deaddeaaea
deaddeaeaa
deaddeeaaa
deadeadaae
deadeadaea
deadeadeaa
deadeaadae
deadeaadea
deadeaaade
deadeaaaed
deadeaaead
deadeaaeda
deadeaeaad
deadeaeada
deadeaedaa
deadedaaae
deadedaaea
deadedaeaa
deadedeaaa
deadeedaaa
deadeeadaa
deadeeaada
deadeeaaad
deaeaddaae
deaeaddaea
deaeaddeaa
deaeadadae
deaeadadea
deaeadaade
deaeadaaed
deaeadaead
deaeadaeda
deaeadeaad
deaeadeada
deaeadedaa
deaeaaddae
deaeaaddea
deaeaadade
deaeaadaed
deaeaadead
deaeaadeda
deaeaaadde
deaeaaaded
deaeaaaedd
deaeaaedad
deaeaaedda
deaeaaeadd
deaeaedaad
deaeaedada
deaeaeddaa
deaeaeadad
deaeaeadda
deaeaeaadd
deaedadaae
deaedadaea
deaedadeaa
deaedaadae
deaedaadea
deaedaaade
deaedaaaed
deaedaaead
deaedaaeda
deaedaeaad
deaedaeada
deaedaedaa
deaeddaaae
deaeddaaea
deaeddaeaa
deaeddeaaa
deaededaaa
deaedeadaa
deaedeaada
deaedeaaad
deaeeddaaa
deaeedadaa
deaeedaada
deaeedaaad
deaeeaddaa
deaeeadada
deaeeadaad
deaeeaadda
deaeeaadad
deaeeaaadd
dedaaadaee
dedaaadeae
dedaaadeea
dedaaaadee
dedaaaaede
dedaaaaeed
dedaaaeade
dedaaaeaed
dedaaaedae
dedaaaedea
dedaaaeeda
dedaaaeead
dedaadaaee
dedaadaeae
dedaadaeea
dedaadeaae
dedaadeaea
dedaadeeaa
dedaaedaae
dedaaedaea
dedaaedeaa
dedaaeadae
dedaaeadea
dedaaeaade
dedaaeaaed
dedaaeaead
dedaaeaeda
dedaaeeaad
dedaaeeada
dedaaeedaa
dedadaaaee
dedadaaeae
dedadaaeea
dedadaeaae
dedadaeaea
dedadaeeaa
dedadeaaae
dedadeaaea
dedadeaeaa
dedadeeaaa
dedaeadaae
dedaeadaea
dedaeadeaa
dedaeaadae
dedaeaadea
dedaeaaade
dedaeaaaed
dedaeaaead
dedaeaaeda
dedaeaeaad
dedaeaeada
dedaeaedaa
dedaedaaae
dedaedaaea
dedaedaeaa
dedaedeaaa
dedaeedaaa
dedaeeadaa
dedaeeaada
dedaeeaaad
deddaaaaee
deddaaaeae
deddaaaeea
deddaaeaae
deddaaeaea
deddaaeeaa
deddaeaaae
deddaeaaea
deddaeaeaa
deddaeeaaa
deddeaaaae
deddeaaaea
deddeaaeaa
deddeaeaaa
deddeeaaaa
dedeaadaae
dedeaadaea
dedeaadeaa
dedeaaadae
dedeaaadea
dedeaaaade
dedeaaaaed
dedeaaaead
dedeaaaeda
dedeaaeaad
dedeaaeada
dedeaaedaa
dedeadaaae
dedeadaaea
dedeadaeaa
dedeadeaaa
dedeaedaaa
dedeaeadaa
dedeaeaada
dedeaeaaad
dededaaaae
dededaaaea
dededaaeaa
dededaeaaa
dededeaaaa
dedeeadaaa
dedeeaadaa
dedeeaaada
dedeeaaaad
dedeedaaaa
deeaaddaae
deeaaddaea
deeaaddeaa
deeaadadae
deeaadadea
deeaadaade
deeaadaaed
deeaadaead
deeaadaeda
deeaadeaad
deeaadeada
deeaadedaa
deeaaaddae
deeaaaddea
deeaaadade
deeaaadaed
deeaaadead
deeaaadeda
deeaaaadde
deeaaaaded
deeaaaaedd
deeaaaedad
deeaaaedda
deeaaaeadd
deeaaedaad
deeaaedada
deeaaeddaa
deeaaeadad
deeaaeadda
deeaaeaadd
deeadadaae
deeadadaea
deeadadeaa
deeadaadae
deeadaadea
deeadaaade
deeadaaaed
deeadaaead
deeadaaeda
deeadaeaad
deeadaeada
deeadaedaa
deeaddaaae
deeaddaaea
deeaddaeaa
deeaddeaaa
deeadedaaa
deeadeadaa
deeadeaada
deeadeaaad
deeaeddaaa
deeaedadaa
deeaedaada
deeaedaaad
deeaeaddaa
deeaeadada
deeaeadaad
deeaeaadda
deeaeaadad
deeaeaaadd
deedaadaae
deedaadaea
deedaadeaa
deedaaadae
deedaaadea
deedaaaade
deedaaaaed
deedaaaead
deedaaaeda
deedaaeaad
deedaaeada
deedaaedaa
deedadaaae
deedadaaea
deedadaeaa
deedadeaaa
deedaedaaa
deedaeadaa
deedaeaada
deedaeaaad
deeddaaaae
deeddaaaea
deeddaaeaa
deeddaeaaa
deeddeaaaa
deedeadaaa
deedeaadaa
deedeaaada
deedeaaaad
deededaaaa
deeeaddaaa
deeeadadaa
deeeadaada
deeeadaaad
deeeaaddaa
deeeaadada
deeeaadaad
deeeaaadda
deeeaaadad
deeeaaaadd
deeedadaaa
deeedaadaa
deeedaaada
deeedaaaad
deeeddaaaa
eaaadddaee
eaaadddeae
eaaadddeea
eaaaddadee
eaaaddaede
eaaaddaeed
eaaaddeade
eaaaddeaed
eaaaddedae
eaaaddedea
eaaaddeeda
eaaaddeead
eaaadaddee
eaaadadede
eaaadadeed
eaaadaedde
eaaadaeded
eaaadaeedd
eaaadedade
eaaadedaed
eaaadeddae
eaaadeddea
eaaadededa
eaaadedead
eaaadeadde
eaaadeaded
eaaadeaedd
eaaadeeadd
eaaadeedad
eaaadeedda
eaaaadddee
eaaaaddede
eaaaaddeed
eaaaadedde
eaaaadeded
eaaaadeedd
eaaaaeddde
eaaaaedded
eaaaaededd
eaaaaeeddd
eaaaeddade
eaaaeddaed
eaaaedddae
eaaaedddea
eaaaeddeda
eaaaeddead
eaaaedadde
eaaaedaded
eaaaedaedd
eaaaedeadd
eaaaededad
eaaaededda
eaaaeaddde
eaaaeadded
eaaaeadedd
eaaaeaeddd
eaaaeedadd
eaaaeeddad
eaaaeeddda
eaaaeeaddd
eaadaddaee
eaadaddeae
eaadaddeea
eaadadadee
eaadadaede
eaadadaeed
eaadadeade
eaadadeaed
eaadadedae
eaadadedea
eaadadeeda
eaadadeead
eaadaaddee
eaadaadede
eaadaadeed
eaadaaedde
eaadaaeded
eaadaaeedd
eaadaedade
eaadaedaed
eaadaeddae
eaadaeddea
eaadaededa
eaadaedead
eaadaeadde
eaadaeaded
eaadaeaedd
eaadaeeadd
eaadaeedad
eaadaeedda
eaaddadaee
eaaddadeae
eaaddadeea
eaaddaadee
eaaddaaede
eaaddaaeed
eaaddaeade
eaaddaeaed
eaaddaedae
eaaddaedea
eaaddaeeda
eaaddaeead
eaadddaaee
eaadddaeae
eaadddaeea
eaadddeaae
eaadddeaea
eaadddeeaa
eaaddedaae
eaaddedaea
eaaddedeaa
eaaddeadae
eaaddeadea
eaaddeaade
eaaddeaaed
eaaddeaead
eaaddeaeda
eaaddeeaad
eaaddeeada
eaaddeedaa
eaadeddaae
eaadeddaea
eaadeddeaa
eaadedadae
eaadedadea
eaadedaade
eaadedaaed
eaadedaead
eaadedaeda
eaadedeaad
eaadedeada
eaadededaa
eaadeaddae
eaadeaddea
eaadeadade
eaadeadaed
eaadeadead
eaadeadeda
eaadeaadde
eaadeaaded
eaadeaaedd
eaadeaedad
eaadeaedda
eaadeaeadd
eaadeedaad
eaadeedada
eaadeeddaa
eaadeeadad
eaadeeadda
eaadeeaadd
eaaedddaae
eaaedddaea
eaaedddeaa
eaaeddadae
eaaeddadea
eaaeddaade
eaaeddaaed
eaaeddaead
eaaeddaeda
eaaeddeaad
eaaeddeada
eaaeddedaa
eaaedaddae
eaaedaddea
eaaedadade
eaaedadaed
eaaedadead
eaaedadeda
eaaedaadde
eaaedaaded
eaaedaaedd
eaaedaedad
eaaedaedda
eaaedaeadd
eaaededaad
eaaededada
eaaededdaa
eaaedeadad
eaaedeadda
eaaedeaadd
eaaeadddae
eaaeadddea
eaaeaddade
eaaeaddaed
eaaeaddead
eaaeaddeda
eaaeadadde
eaaeadaded
eaaeadaedd
eaaeadedad
eaaeadedda
eaaeadeadd
eaaeaaddde
eaaeaadded
eaaeaadedd
eaaeaaeddd
eaaeaeddad
eaaeaeddda
eaaeaedadd
eaaeaeaddd
eaaeeddaad
eaaeeddada
eaaeedddaa
eaaeedadad
eaaeedadda
eaaeedaadd
eaaeeaddad
eaaeeaddda
eaaeeadadd
eaaeeaaddd
eadaaddaee
eadaaddeae
eadaaddeea
eadaadadee
eadaadaede
eadaadaeed
eadaadeade
eadaadeaed
eadaadedae
eadaadedea
eadaadeeda
eadaadeead
eadaaaddee
eadaaadede
eadaaadeed
eadaaaedde
eadaaaeded
eadaaaeedd
eadaaedade
eadaaedaed
eadaaeddae
eadaaeddea
eadaaededa
eadaaedead
eadaaeadde
eadaaeaded
eadaaeaedd
eadaaeeadd
eadaaeedad
eadaaeedda
eadadadaee
eadadadeae
eadadadeea
eadadaadee
eadadaaede
eadadaaeed
eadadaeade
eadadaeaed
eadadaedae
eadadaedea
eadadaeeda
eadadaeead
eadaddaaee
eadaddaeae
eadaddaeea
eadaddeaae
eadaddeaea
eadaddeeaa
eadadedaae
eadadedaea
eadadedeaa
eadadeadae
eadadeadea
eadadeaade
eadadeaaed
eadadeaead
eadadeaeda
eadadeeaad
eadadeeada
eadadeedaa
eadaeddaae
eadaeddaea
eadaeddeaa
eadaedadae
eadaedadea
eadaedaade
eadaedaaed
eadaedaead
eadaedaeda
eadaedeaad
eadaedeada
eadaededaa
eadaeaddae
eadaeaddea
eadaeadade
eadaeadaed
eadaeadead
eadaeadeda
eadaeaadde
eadaeaaded
eadaeaaedd
eadaeaedad
eadaeaedda
eadaeaeadd
eadaeedaad
eadaeedada
eadaeeddaa
eadaeeadad
eadaeeadda
eadaeeaadd
eaddaadaee
eaddaadeae
eaddaadeea
eaddaaadee
eaddaaaede
eaddaaaeed
eaddaaeade
eaddaaeaed
eaddaaedae
eaddaaedea
eaddaaeeda
eaddaaeead
eaddadaaee
eaddadaeae
eaddadaeea
eaddadeaae
eaddadeaea
eaddadeeaa
eaddaedaae
eaddaedaea
eaddaedeaa
eaddaeadae
eaddaeadea
eaddaeaade
eaddaeaaed
eaddaeaead
eaddaeaeda
eaddaeeaad
eaddaeeada
eaddaeedaa
eadddaaaee
eadddaaeae
eadddaaeea
eadddaeaae
eadddaeaea
eadddaeeaa
eadddeaaae
eadddeaaea
eadddeaeaa
eadddeeaaa
eaddeadaae
eaddeadaea
eaddeadeaa
eaddeaadae
eaddeaadea
eaddeaaade
eaddeaaaed
eaddeaaead
eaddeaaeda
eaddeaeaad
eaddeaeada
eaddeaedaa
eaddedaaae
eaddedaaea
eaddedaeaa
eaddedeaaa
eaddeedaaa
eaddeeadaa
eaddeeaada
eaddeeaaad
eadeaddaae
eadeaddaea
eadeaddeaa
eadeadadae
eadeadadea
eadeadaade
eadeadaaed
eadeadaead
eadeadaeda
eadeadeaad
eadeadeada
eadeadedaa
eadeaaddae
eadeaaddea
eadeaadade
eadeaadaed
eadeaadead
eadeaadeda
eadeaaadde
eadeaaaded
eadeaaaedd
eadeaaedad
eadeaaedda
eadeaaeadd
eadeaedaad
eadeaedada
eadeaeddaa
eadeaeadad
eadeaeadda
eadeaeaadd
eadedadaae
eadedadaea
eadedadeaa
eadedaadae
eadedaadea
eadedaaade
eadedaaaed
eadedaaead
eadedaaeda
eadedaeaad
eadedaeada
eadedaedaa
eadeddaaae
eadeddaaea
eadeddaeaa
eadeddeaaa
eadededaaa
eadedeadaa
eadedeaada
eadedeaaad
eadeeddaaa
eadeedadaa
eadeedaada
eadeedaaad
eadeeaddaa
eadeeadada
eadeeadaad
eadeeaadda
eadeeaadad
eadeeaaadd
eaeadddaae
eaeadddaea
eaeadddeaa
eaeaddadae
eaeaddadea
eaeaddaade
eaeaddaaed
eaeaddaead
eaeaddaeda
eaeaddeaad
eaeaddeada
eaeaddedaa
eaeadaddae
eaeadaddea
eaeadadade
eaeadadaed
eaeadadead
eaeadadeda
eaeadaadde
eaeadaaded
eaeadaaedd
eaeadaedad
eaeadaedda
eaeadaeadd
eaeadedaad
eaeadedada
eaeadeddaa
eaeadeadad
eaeadeadda
eaeadeaadd
eaeaadddae
eaeaadddea
eaeaaddade
eaeaaddaed
eaeaaddead
eaeaaddeda
eaeaadadde
eaeaadaded
eaeaadaedd
eaeaadedad
eaeaadedda
eaeaadeadd
eaeaaaddde
eaeaaadded
eaeaaadedd
eaeaaaeddd
eaeaaeddad
eaeaaeddda
eaeaaedadd
eaeaaeaddd
eaeaeddaad
eaeaeddada
eaeaedddaa
eaeaedadad
eaeaedadda
eaeaedaadd
eaeaeaddad
eaeaeaddda
eaeaeadadd
eaeaeaaddd
eaedaddaae
eaedaddaea
eaedaddeaa
eaedadadae
eaedadadea
eaedadaade
eaedadaaed
eaedadaead
eaedadaeda
eaedadeaad
eaedadeada
eaedadedaa
eaedaaddae
eaedaaddea
eaedaadade
eaedaadaed
eaedaadead
eaedaadeda
eaedaaadde
eaedaaaded
eaedaaaedd
eaedaaedad
eaedaaedda
eaedaaeadd
eaedaedaad
eaedaedada
eaedaeddaa
eaedaeadad
eaedaeadda
eaedaeaadd
eaeddadaae
eaeddadaea
eaeddadeaa
eaeddaadae
eaeddaadea
eaeddaaade
eaeddaaaed
eaeddaaead
eaeddaaeda
eaeddaeaad
eaeddaeada
eaeddaedaa
eaedddaaae
eaedddaaea
eaedddaeaa
eaedddeaaa
eaeddedaaa
eaeddeadaa
eaeddeaada
eaeddeaaad
eaededdaaa
eaededadaa
eaededaada
eaededaaad
eaedeaddaa
eaedeadada
eaedeadaad
eaedeaadda
eaedeaadad
eaedeaaadd
eaeedddaaa
eaeeddadaa
eaeeddaada
eaeeddaaad
eaeedaddaa
eaeedadada
eaeedadaad
eaeedaadda
eaeedaadad
eaeedaaadd
eaeeadddaa
eaeeaddada
eaeeaddaad
eaeeadadda
eaeeadadad
eaeeadaadd
eaeeaaddda
eaeeaaddad
eaeeaadadd
eaeeaaaddd
edaaaddaee
edaaaddeae
edaaaddeea
edaaadadee
edaaadaede
edaaadaeed
edaaadeade
edaaadeaed
edaaadedae
edaaadedea
edaaadeeda
edaaadeead
edaaaaddee
edaaaadede
edaaaadeed
edaaaaedde
edaaaaeded
edaaaaeedd
edaaaedade
edaaaedaed
edaaaeddae
edaaaeddea
edaaaededa
edaaaedead
edaaaeadde
edaaaeaded
edaaaeaedd
edaaaeeadd
edaaaeedad
edaaaeedda
edaadadaee
edaadadeae
edaadadeea
edaadaadee
edaadaaede
edaadaaeed
edaadaeade
edaadaeaed
edaadaedae
edaadaedea
edaadaeeda
edaadaeead
edaaddaaee
edaaddaeae
edaaddaeea
edaaddeaae
edaaddeaea
edaaddeeaa
edaadedaae
edaadedaea
edaadedeaa
edaadeadae
edaadeadea
edaadeaade
edaadeaaed
edaadeaead
edaadeaeda
edaadeeaad
edaadeeada
edaadeedaa
edaaeddaae
edaaeddaea
edaaeddeaa
edaaedadae
edaaedadea
edaaedaade
edaaedaaed
edaaedaead
edaaedaeda
edaaedeaad
edaaedeada
edaaededaa
edaaeaddae
edaaeaddea
edaaeadade
edaaeadaed
edaaeadead
edaaeadeda
edaaeaadde
edaaeaaded
edaaeaaedd
edaaeaedad
edaaeaedda
edaaeaeadd
edaaeedaad
edaaeedada
edaaeeddaa
edaaeeadad
edaaeeadda
edaaeeaadd
edadaadaee
edadaadeae
edadaadeea
edadaaadee
edadaaaede
edadaaaeed
edadaaeade
edadaaeaed
edadaaedae
edadaaedea
edadaaeeda
edadaaeead
edadadaaee
edadadaeae
edadadaeea
edadadeaae
edadadeaea
edadadeeaa
edadaedaae
edadaedaea
edadaedeaa
edadaeadae
edadaeadea
edadaeaade
edadaeaaed
edadaeaead
edadaeaeda
edadaeeaad
edadaeeada
edadaeedaa
edaddaaaee
edaddaaeae
edaddaaeea
edaddaeaae
edaddaeaea
edaddaeeaa
edaddeaaae
edaddeaaea
edaddeaeaa
edaddeeaaa
edadeadaae
edadeadaea
edadeadeaa
edadeaadae
edadeaadea
edadeaaade
edadeaaaed
edadeaaead
edadeaaeda
edadeaeaad
edadeaeada
edadeaedaa
edadedaaae
edadedaaea
edadedaeaa
edadedeaaa
edadeedaaa
edadeeadaa
edadeeaada
edadeeaaad
edaeaddaae
edaeaddaea
edaeaddeaa
edaeadadae
edaeadadea
edaeadaade
edaeadaaed
edaeadaead
edaeadaeda
edaeadeaad
edaeadeada
edaeadedaa
edaeaaddae
edaeaaddea
edaeaadade
edaeaadaed
edaeaadead
edaeaadeda
edaeaaadde
edaeaaaded
edaeaaaedd
edaeaaedad
edaeaaedda
edaeaaeadd
edaeaedaad
edaeaedada
edaeaeddaa
edaeaeadad
edaeaeadda
edaeaeaadd
edaedadaae
edaedadaea
edaedadeaa
edaedaadae
edaedaadea
edaedaaade
edaedaaaed
edaedaaead
edaedaaeda
edaedaeaad
edaedaeada
edaedaedaa
edaeddaaae
edaeddaaea
edaeddaeaa
edaeddeaaa
edaededaaa
edaedeadaa
edaedeaada
edaedeaaad
edaeeddaaa
edaeedadaa
edaeedaada
edaeedaaad
edaeeaddaa
edaeeadada
edaeeadaad
edaeeaadda
edaeeaadad
edaeeaaadd
eddaaadaee
eddaaadeae
eddaaadeea
eddaaaadee
eddaaaaede
eddaaaaeed
eddaaaeade
eddaaaeaed
eddaaaedae
eddaaaedea
eddaaaeeda
eddaaaeead
eddaadaaee
eddaadaeae
eddaadaeea
eddaadeaae
eddaadeaea
eddaadeeaa
eddaaedaae
eddaaedaea
eddaaedeaa
eddaaeadae
eddaaeadea
eddaaeaade
eddaaeaaed
eddaaeaead
eddaaeaeda
eddaaeeaad
eddaaeeada
eddaaeedaa
eddadaaaee
eddadaaeae
eddadaaeea
eddadaeaae
eddadaeaea
eddadaeeaa
eddadeaaae
eddadeaaea
eddadeaeaa
eddadeeaaa
eddaeadaae
eddaeadaea
eddaeadeaa
eddaeaadae
eddaeaadea
eddaeaaade
eddaeaaaed
eddaeaaead
eddaeaaeda
eddaeaeaad
eddaeaeada
eddaeaedaa
eddaedaaae
eddaedaaea
eddaedaeaa
eddaedeaaa
eddaeedaaa
eddaeeadaa
eddaeeaada
eddaeeaaad
edddaaaaee
edddaaaeae
edddaaaeea
edddaaeaae
edddaaeaea
edddaaeeaa
edddaeaaae
edddaeaaea
edddaeaeaa
edddaeeaaa
edddeaaaae
edddeaaaea
edddeaaeaa
edddeaeaaa
edddeeaaaa
eddeaadaae
eddeaadaea
eddeaadeaa
eddeaaadae
eddeaaadea
eddeaaaade
eddeaaaaed
eddeaaaead
eddeaaaeda
eddeaaeaad
eddeaaeada
eddeaaedaa
eddeadaaae
eddeadaaea
eddeadaeaa
eddeadeaaa
eddeaedaaa
eddeaeadaa
eddeaeaada
eddeaeaaad
eddedaaaae
eddedaaaea
eddedaaeaa
eddedaeaaa
eddedeaaaa
eddeeadaaa
eddeeaadaa
eddeeaaada
eddeeaaaad
eddeedaaaa
edeaaddaae
edeaaddaea
edeaaddeaa
edeaadadae
edeaadadea
edeaadaade
edeaadaaed
edeaadaead
edeaadaeda
edeaadeaad
edeaadeada
edeaadedaa
edeaaaddae
edeaaaddea
edeaaadade
edeaaadaed
edeaaadead
edeaaadeda
edeaaaadde
edeaaaaded
edeaaaaedd
edeaaaedad
edeaaaedda
edeaaaeadd
edeaaedaad
edeaaedada
edeaaeddaa
edeaaeadad
edeaaeadda
edeaaeaadd
edeadadaae
edeadadaea
edeadadeaa
edeadaadae
edeadaadea
edeadaaade
edeadaaaed
edeadaaead
edeadaaeda
edeadaeaad
edeadaeada
edeadaedaa
edeaddaaae
edeaddaaea
edeaddaeaa
edeaddeaaa
edeadedaaa
edeadeadaa
edeadeaada
edeadeaaad
edeaeddaaa
edeaedadaa
edeaedaada
edeaedaaad
edeaeaddaa
edeaeadada
edeaeadaad
edeaeaadda
edeaeaadad
edeaeaaadd
ededaadaae
ededaadaea
ededaadeaa
ededaaadae
ededaaadea
ededaaaade
ededaaaaed
ededaaaead
ededaaaeda
ededaaeaad
ededaaeada
ededaaedaa
ededadaaae
ededadaaea
ededadaeaa
ededadeaaa
ededaedaaa
ededaeadaa
ededaeaada
ededaeaaad
ededdaaaae
ededdaaaea
ededdaaeaa
ededdaeaaa
ededdeaaaa
ededeadaaa
ededeaadaa
ededeaaada
ededeaaaad
edededaaaa
edeeaddaaa
edeeadadaa
edeeadaada
edeeadaaad
edeeaaddaa
edeeaadada
edeeaadaad
edeeaaadda
edeeaaadad
edeeaaaadd
edeedadaaa
edeedaadaa
edeedaaada
edeedaaaad
edeeddaaaa
eeaadddaae
eeaadddaea
eeaadddeaa
eeaaddadae
eeaaddadea
eeaaddaade
eeaaddaaed
eeaaddaead
eeaaddaeda
eeaaddeaad
eeaaddeada
eeaaddedaa
eeaadaddae
eeaadaddea
eeaadadade
eeaadadaed
eeaadadead
eeaadadeda
eeaadaadde
eeaadaaded
eeaadaaedd
eeaadaedad
eeaadaedda
eeaadaeadd
eeaadedaad
eeaadedada
eeaadeddaa
eeaadeadad
eeaadeadda
eeaadeaadd
eeaaadddae
eeaaadddea
eeaaaddade
eeaaaddaed
eeaaaddead
eeaaaddeda
eeaaadadde
eeaaadaded
eeaaadaedd
eeaaadedad
eeaaadedda
eeaaadeadd
eeaaaaddde
eeaaaadded
eeaaaadedd
eeaaaaeddd
eeaaaeddad
eeaaaeddda
eeaaaedadd
eeaaaeaddd
eeaaeddaad
eeaaeddada
eeaaedddaa
eeaaedadad
eeaaedadda
eeaaedaadd
eeaaeaddad
eeaaeaddda
eeaaeadadd
eeaaeaaddd
eeadaddaae
eeadaddaea
eeadaddeaa
eeadadadae
eeadadadea
eeadadaade
eeadadaaed
eeadadaead
eeadadaeda
eeadadeaad
eeadadeada
eeadadedaa
eeadaaddae
eeadaaddea
eeadaadade
eeadaadaed
eeadaadead
eeadaadeda
eeadaaadde
eeadaaaded
eeadaaaedd
eeadaaedad
eeadaaedda
eeadaaeadd
eeadaedaad
eeadaedada
eeadaeddaa
eeadaeadad
eeadaeadda
eeadaeaadd
eeaddadaae
eeaddadaea
eeaddadeaa
eeaddaadae
eeaddaadea
eeaddaaade
eeaddaaaed
eeaddaaead
eeaddaaeda
eeaddaeaad
eeaddaeada
eeaddaedaa
eeadddaaae
eeadddaaea
eeadddaeaa
eeadddeaaa
eeaddedaaa
eeaddeadaa
eeaddeaada
eeaddeaaad
eeadeddaaa
eeadedadaa
eeadedaada
eeadedaaad
eeadeaddaa
eeadeadada
eeadeadaad
eeadeaadda
eeadeaadad
eeadeaaadd
eeaedddaaa
eeaeddadaa
eeaeddaada
eeaeddaaad
eeaedaddaa
eeaedadada
eeaedadaad
eeaedaadda
eeaedaadad
eeaedaaadd
eeaeadddaa
eeaeaddada
eeaeaddaad
eeaeadadda
eeaeadadad
eeaeadaadd
eeaeaaddda
eeaeaaddad
eeaeaadadd
eeaeaaaddd
eedaaddaae
eedaaddaea
eedaaddeaa
eedaadadae
eedaadadea
eedaadaade
eedaadaaed
eedaadaead
eedaadaeda
eedaadeaad
eedaadeada
eedaadedaa
eedaaaddae
eedaaaddea
eedaaadade
eedaaadaed
eedaaadead
eedaaadeda
eedaaaadde
eedaaaaded
eedaaaaedd
eedaaaedad
eedaaaedda
eedaaaeadd
eedaaedaad
eedaaedada
eedaaeddaa
eedaaeadad
eedaaeadda
eedaaeaadd
eedadadaae
eedadadaea
eedadadeaa
eedadaadae
eedadaadea
eedadaaade
eedadaaaed
eedadaaead
eedadaaeda
eedadaeaad
eedadaeada
eedadaedaa
eedaddaaae
eedaddaaea
eedaddaeaa
eedaddeaaa
eedadedaaa
eedadeadaa
eedadeaada
eedadeaaad
eedaeddaaa
eedaedadaa
eedaedaada
eedaedaaad
eedaeaddaa
eedaeadada
eedaeadaad
eedaeaadda
eedaeaadad
eedaeaaadd
eeddaadaae
eeddaadaea
eeddaadeaa
eeddaaadae
eeddaaadea
eeddaaaade
eeddaaaaed
eeddaaaead
eeddaaaeda
eeddaaeaad
eeddaaeada
eeddaaedaa
eeddadaaae
eeddadaaea
eeddadaeaa
eeddadeaaa
eeddaedaaa
eeddaeadaa
eeddaeaada
eeddaeaaad
eedddaaaae
eedddaaaea
eedddaaeaa
eedddaeaaa
eedddeaaaa
eeddeadaaa
eeddeaadaa
eeddeaaada
eeddeaaaad
eeddedaaaa
eedeaddaaa
eedeadadaa
eedeadaada
eedeadaaad
eedeaaddaa
eedeaadada
eedeaadaad
eedeaaadda
eedeaaadad
eedeaaaadd
eededadaaa
eededaadaa
eededaaada
eededaaaad
eededdaaaa
eeeadddaaa
eeeaddadaa
eeeaddaada
eeeaddaaad
eeeadaddaa
eeeadadada
eeeadadaad
eeeadaadda
eeeadaadad
eeeadaaadd
eeeaadddaa
eeeaaddada
eeeaaddaad
eeeaadadda
eeeaadadad
eeeaadaadd
eeeaaaddda
eeeaaaddad
eeeaaadadd
eeeaaaaddd
eeedaddaaa
eeedadadaa
eeedadaada
eeedadaaad
eeedaaddaa
eeedaadada
eeedaadaad
eeedaaadda
eeedaaadad
eeedaaaadd
eeeddadaaa
eeeddaadaa
eeeddaaada
eeeddaaaad
eeedddaaaa
4200
