30 148
4 5 7 
2 0 8 
3 6 1 
ULDDRUULDDRUULDRRULDRDLUULDDRU
8 6 7 
5 0 3 
4 2 1 
ULDDRUULDDRUULDRRDLURULDDLUURD
0 8 7 
5 4 6 
3 2 1 
ULDDRUULDDRUURDDLUULDRRULDDLUU
5 8 7 
2 0 4 
3 6 1 
ULDDRUULDDRURULDRDLUULDDRURULD
0 5 7 
2 8 4 
3 6 1 
ULDDRUULDDRURULDRDLUULDDRURULL
8 5 6 
2 7 4 
0 3 1 
ULDDRUULDDRURULDRDLURULDLURDLD
8 6 7 
5 0 4 
2 3 1 
ULDDRUULDDRURULLDRRDLURULDLURD
8 6 7 
5 3 4 
0 2 1 
ULDDRUULDDRURDLLURRULLDRRULLDD
8 6 7 
5 0 4 
1 2 3 
ULDDRUULDDRRUULLDRDRUULDDLUURD
1 5 7 
2 0 4 
3 6 8 
ULDDRUULDDRRUULLDRRDLURULLDDRU
7 5 0 
4 8 6 
1 2 3 
ULDDRUULDRURDDLLURURDLDRUULDRU
7 5 8 
4 3 6 
1 2 0 
ULDDRUULDRURDDLLURRULDDRUULDRD
5 8 7 
6 0 4 
3 1 2 
ULDDRUULDRRULDRDLULDRUULDRRULD
1 4 0 
2 7 5 
3 6 8 
ULDDRUULDRRULLDDRURDLULDRRULUR
8 5 6 
7 0 4 
1 2 3 
ULDDRUULDRRDLURULDDLUURDDRUULD
0 5 8 
4 7 6 
1 2 3 
ULDDRUULDRRDLLUURDRULDDRUULDLU
7 5 8 
1 0 4 
3 2 6 
ULDDRUURDDLUULDDRURULDLDRRUULD
8 2 7 
4 0 6 
3 5 1 
ULDDRUURDDLUULDRRDLLURULDRRULD
7 5 8 
6 0 2 
3 4 1 
ULDDRUURDDLUURDDLULURDLDRULURD
5 8 0 
4 7 6 
1 2 3 
ULDDRUURDDLUURDLULDDRRULULDRUR
8 3 2 
6 0 4 
5 7 1 
ULDDRUURDDLUURDLLURRDDLULURRDL
0 6 3 
5 8 2 
7 4 1 
ULDDRUURDDLUURDLLURRDDLULDRUUL
8 3 7 
6 0 2 
5 4 1 
ULDDRUURDDLUURDLLURRDLLURRDDLU
8 5 7 
4 0 6 
1 2 3 
ULDDRUURDDLUURDLLDRRULURDLLURD
8 4 7 
6 0 2 
3 5 1 
ULDDRUURDDLULURDRULDLURDRDLLUR
8 5 6 
7 0 2 
3 4 1 
ULDDRUURDDLULURDRDLLUURDDLUURD
8 6 0 
5 4 7 
1 2 3 
ULDDRUURDDLURULDLURDRULDLDRRUU
8 6 0 
5 3 2 
7 4 1 
ULDDRUURDDLURULDLURRDDLULDRUUR
8 6 3 
5 7 2 
0 4 1 
ULDDRUURDDLURULDRDLLUURDDLURDL
8 6 2 
5 0 4 
3 7 1 
ULDDRUURDDLURDLLUURDLURRDLDLUR
8 5 6 
7 0 3 
4 2 1 
ULDDRUURDLULDDRRULULDRDLURULDR
3 5 2 
6 0 4 
8 7 1 
ULDDRUURDLDRULLDRUULDRURDLULDR
8 3 1 
6 0 4 
5 2 7 
ULDDRUURDLLURRDLLDRRULDLURULDR
8 4 0 
6 3 7 
5 2 1 
ULDDRUURDLLDRRUULDDLURRULLDRRU
0 4 7 
6 8 5 
3 2 1 
ULDDRUURDLLDRRULLURRDLLURDDLUU
6 4 7 
8 0 5 
3 2 1 
ULDDRUURDLLDRRULLURRDLLURDDLUR
4 5 7 
6 0 8 
1 2 3 
ULDDRULURDLDRRUULDDRULLURDDLUR
1 4 7 
2 3 5 
0 6 8 
ULDDRULURDLDRRUULDDRULLDRRULDL
1 4 7 
2 8 5 
3 6 0 
ULDDRULURDLDRRUULDRDLULDRRULDR
0 4 7 
2 1 5 
3 6 8 
ULDDRULURDRULLDDRURDLULDRRULUL
8 4 7 
6 0 5 
1 2 3 
ULDDRULURDRDLURULDLURDDLURDRUL
7 5 8 
4 1 6 
0 2 3 
ULDDRULURDRDLLUURDRULDDRUULDLD
8 5 7 
2 4 6 
0 3 1 
ULDDRULDRRUULDDRUULDDRULLURDLD
8 5 4 
2 6 7 
0 3 1 
ULDDRULDRRUULDDRUULLDRDRUULLDD
2 4 7 
6 0 5 
3 8 1 
ULDDRULDRRULURDLLDRRULULDRDLUR
8 4 7 
1 0 5 
3 2 6 
ULDDRULDRRULLURRDLULDRDLURULDR
3 5 7 
6 0 2 
8 4 1 
ULDDRURULDLURDRULDDRULLDRULURD
3 7 0 
6 5 2 
8 4 1 
ULDDRURULDLURDRULDDRULLDRULURR
1 4 7 
6 0 5 
3 2 8 
ULDDRURULDRDLULDRRULLURRDLLURD
8 4 7 
5 0 6 
3 2 1 
ULDDRURULDRDLURULDLURDLDRRUULD
8 6 0 
5 7 4 
3 2 1 
ULDDRURULDRDLURULDLURDLDRRULUR
8 6 1 
5 0 4 
3 2 7 
ULDDRURULDRDLURULDLURRDLLDRRUL
7 5 8 
4 0 6 
3 2 1 
ULDDRURULDRDLURULDLDRRUULDLURD
8 6 7 
4 0 5 
3 2 1 
ULDDRURULDRDLURULDLDRRULLURRDL
4 5 7 
1 0 8 
3 2 6 
ULDDRURULLDDRUULDRRULLDRRDLLUR
7 5 8 
2 0 4 
3 6 1 
ULDDRURULLDDRURDLURULDLDRRUULD
0 6 7 
8 2 4 
3 5 1 
ULDDRURULLDRRULLDRDRUULDDLURUL
8 6 4 
5 0 7 
3 2 1 
ULDDRURULLDRRDLURULDLURDLDRRUL
8 7 0 
3 4 5 
6 2 1 
ULDDRURDLUURDLLDRRULLURRDLLURR
8 5 4 
3 0 7 
6 2 1 
ULDDRURDLULDRURULLDRRULLDRDRUL
8 6 3 
5 0 4 
7 2 1 
ULDDRURDLLURRULLDRRULDDRUULLDR
8 6 7 
5 0 2 
3 4 1 
ULDDRRUULDDRUULDLURDDRUULDLDRU
2 5 1 
6 0 4 
3 8 7 
ULDDRRUULDDRULLDRRULLURDLDRRUL
4 5 7 
6 8 2 
3 1 0 
ULDDRRUULDLDRRUULDLDRRUULDLDRR
8 4 7 
6 5 2 
3 1 0 
ULDDRRUULDLDRRUULDLDRRUULLDDRR
8 5 7 
3 4 2 
0 6 1 
ULDDRRUULDRULLDDRUULDDRRUULLDD
8 5 7 
4 0 2 
3 6 1 
ULDDRRUULDRULLDDRUULDDRRUULLDR
8 5 2 
3 7 4 
0 6 1 
ULDDRRUULDRULLDDRUULDDRRULULDD
8 7 5 
2 6 4 
0 3 1 
ULDDRRUULLDDRULDRRUULDDRUULLDD
8 7 5 
6 0 4 
2 3 1 
ULDDRRUULLDDRULDRRUULDDRUULLDR
8 5 7 
2 1 4 
3 6 0 
ULDDRRUULLDDRURULLDDRURULLDDRR
8 5 7 
6 0 4 
3 2 1 
ULDDRRUULLDDRRUULLDDRRUULLDDRU
0 8 7 
5 1 4 
3 2 6 
ULDDRRUULLDRDLURRULLDRDLURRULL
8 2 7 
5 0 4 
3 6 1 
ULDDRRUULLDRDRUULLDRDRUULLDDRU
8 2 7 
3 5 4 
0 6 1 
ULDDRRUULLDRRULLDDRULDRRUULLDD
8 6 7 
2 0 4 
3 5 1 
ULDDRRUULLDRRULLDRDRUULDDLUURD
3 2 7 
6 0 4 
8 5 1 
ULDDRRUULLDRRULLDRDRUULLDRDLUR
4 7 0 
8 6 5 
1 2 3 
ULDDRRULULDDRULURDLDRRUULDDRUU
8 5 3 
6 0 2 
7 4 1 
ULDDRRULURDLDRUULDLDRULURDLDRU
7 5 8 
3 6 2 
0 4 1 
ULDDRRULURDLLURDDLUURDDRUULDDL
7 5 8 
3 6 2 
4 1 0 
ULDDRRULURDLLURDDLUURDDRUULDDR
3 7 2 
6 5 1 
8 4 0 
ULDDRRULURDLLURDDLURDRULDLURRD
8 5 7 
3 0 2 
6 4 1 
ULDDRRULURDLLURDDRUULDLDRULURD
3 2 1 
6 8 4 
0 5 7 
ULDDRRULURDLLURRDLLDRRULDLURDL
0 2 1 
3 8 4 
6 5 7 
ULDDRRULURDLLURRDLLDRRULLDRULU
8 4 0 
3 5 7 
6 2 1 
ULDDRRULLDRRUULDLDRURULLDRDRUU
8 4 0 
6 5 7 
2 3 1 
ULDDRRULLDRRUULDLDRRUULLDDRRUU
8 5 7 
6 3 2 
0 4 1 
ULDDRRULLDRRULULDDRUURDDLUULDD
8 7 0 
4 6 5 
3 2 1 
ULDRURDDLUURDDLUURDLLDRULURDRU
8 7 5 
6 0 2 
3 4 1 
ULDRURDDLUURDDLULURRDLLDRULURD
8 5 0 
6 7 2 
3 4 1 
ULDRURDDLUURDDLULURRDLLDRULURR
8 7 0 
6 3 5 
4 2 1 
ULDRURDDLUURDDLLUURRDLDLUURDRU
0 4 7 
8 6 5 
1 2 3 
ULDRURDDLLURDRULURDDLURDLLURUL
0 8 1 
2 5 4 
3 6 7 
ULDRURDLULDRDLURRULDRDLURULDLU
2 8 1 
3 5 4 
0 6 7 
ULDRURDLULDRDLURRULDRDLURULDLD
7 5 8 
6 0 3 
4 2 1 
ULDRURDLDRUULDDLUURDDLURRULLDR
7 5 8 
4 1 6 
2 3 0 
ULDRDLUURDDLURRULLDDRURDLUURDD
0 8 6 
5 4 7 
1 2 3 
ULDRDLURULDRRULDRDLURULDRDLLUU
8 4 0 
5 6 7 
3 2 1 
ULDRDLURURDDLUULDRRULDRDLLUURR
8 7 0 
6 4 5 
2 3 1 
ULDRDLURURDDLUURDDLULURRDLLURR
8 5 1 
2 0 4 
3 6 7 
ULDRDLURRDLURULDLURDRDLULDRRUL
7 5 8 
2 4 1 
0 3 6 
ULDRDLURRDLURULDRDLURULDLURDLD
8 4 7 
2 0 5 
3 6 1 
ULDRDRUULDDLURDRUULDDRUULLDDRU
8 7 5 
3 2 4 
0 6 1 
ULDRDRUULDRULLDDRUULDDRRULULDD
8 2 1 
6 0 4 
3 5 7 
ULDRDRUULLDDRRULLDRRULULDDRRUL
2 1 7 
6 0 4 
3 8 5 
ULDRDRUULLDDRRULLDRRULURDLLDRU
3 2 0 
6 1 4 
8 5 7 
ULDRDRUULLDRDLURRDLLURRULLDRRU
3 2 4 
6 1 7 
8 5 0 
ULDRDRUULLDRDLURRDLLURRULLDRRD
8 5 4 
3 2 7 
0 6 1 
ULDRDRUULLDRRULLDDRULDRRULULDD
0 7 5 
4 8 6 
1 2 3 
ULDRDRULURDDLLURURDLDRUULDDLUU
8 4 7 
6 1 5 
3 2 0 
ULDRDRULDLURDRUULDRULLDRDLURRD
8 1 7 
2 0 4 
3 6 5 
ULDRRULDDRULDLURDRULULDDRUURDL
0 6 1 
8 2 4 
5 3 7 
ULDRRULDLURDDLURDRULDLURDRULUL
6 2 1 
8 3 4 
0 5 7 
ULDRRULDLURDDLURDRULDLURDRULDL
0 6 7 
8 1 4 
3 2 5 
ULDRRULDRDLULDRUULDRRULLDRRULL
3 2 1 
6 7 4 
8 5 0 
ULDRRULLDRRDLLURRDLUULDDRRULDR
8 6 1 
5 2 4 
0 3 7 
ULDRRDLURULDDLUURDDRULLDRRULLD
8 4 0 
6 2 7 
3 5 1 
ULDRRDLURULLDRRULLDDRULDRRULUR
8 6 7 
2 5 4 
0 3 1 
ULDRRDLLURRULLDRDRUULDDRUULLDD
3 1 7 
6 0 4 
8 2 5 
ULDRRDLLURRULLDRRULDDLUURDRULD
8 4 7 
6 0 5 
3 1 2 
URDDLUULDRRDLLURDRULURDDLUULDR
3 4 7 
6 0 5 
8 2 1 
URDDLULURDLDRULURDRULLDRRDLLUR
8 5 7 
4 6 2 
3 1 0 
URDDLULURDRDLLUURDDLUURDRULDRD
0 8 7 
5 6 1 
3 2 4 
URDDLULDRUULDRRDLLURRULLDRRULL
6 5 7 
8 0 1 
3 2 4 
URDDLULDRURDLULURRDLLURRDLDLUR
8 6 3 
5 1 2 
7 4 0 
URDDLURULDRDLLUURDDLURRDLLURDR
6 5 7 
8 4 2 
3 1 0 
URDDLURDLLUURDDLUURRDLDLUURRDD
8 5 7 
2 6 1 
3 4 0 
URDDLLUURDLURRDDLUURDDLLUURRDD
8 5 7 
2 0 6 
3 4 1 
URDDLLUURDLURRDDLUURDDLLUURRDL
2 5 7 
6 8 1 
3 4 0 
URDDLLUURDLURRDDLUURDDLLURURDD
5 8 7 
6 4 2 
3 1 0 
URDDLLUURRDDLURDLLUURDDLUURRDD
8 2 7 
6 0 5 
3 4 1 
URDDLLUURRDLDLUURRDLDLUURRDDLU
8 2 7 
6 5 1 
3 4 0 
URDDLLUURRDLLURRDDLURDLLUURRDD
8 5 7 
2 0 1 
3 6 4 
URDDLLURULDRRULDDLUURDRDLURULD
7 5 8 
2 4 1 
3 6 0 
URDDLLURULDRRULDDRUULDDLUURDDR
3 2 0 
6 7 1 
8 5 4 
URDDLLURULDRRULLDRRDLLURRDLURU
0 6 7 
8 5 1 
3 2 4 
URDDLLURRDLLUURDRDLULURRDLDLUU
0 6 7 
8 5 4 
3 1 2 
URDDLLURRDLLUURDRDLLUURRDDLLUU
0 8 7 
5 6 4 
3 1 2 
URDLDLUURDDLUURDRDLURULDRDLLUU
7 5 8 
4 3 6 
0 1 2 
URDLDLUURDDRUULDDRULLURRDDLULD
5 8 7 
6 2 1 
3 4 0 
URDLDLUURDLURRDDLUURDDLLURURDD
0 2 1 
6 3 4 
8 5 7 
URDLDLUURRDLDRULLDRRULLURRDLLU
6 5 7 
8 2 1 
3 4 0 
URDLDLUURRDLLURRDDLURDLLURURDD
0 6 7 
8 4 5 
3 2 1 
URDLDRULULDDRUURDLLURDLDRRUULL
3 4 0 
6 2 7 
8 1 5 
URDLLURDRULDDRULDLURDRULDLURUR
3 4 7 
6 2 5 
8 1 0 
URDLLDRULURDDRUULDDLURRDLLURRD
8 7 0 
6 2 5 
3 4 1 
DLUURRDDLULURRDDLULURRDDLLUURR
0 8 7 
5 2 4 
3 6 1 
DLURRULLDRRDLLURURDDLUURDDLLUU
