30 148
8 6 7 
2 0 5 
3 4 1 
ULDDRUULDDRUULDRRULDRDLUULDDRU
5 4 7 
6 0 3 
8 2 1 
ULDDRUULDDRUULDRRDLURULDDLUURD
0 5 7 
6 8 4 
3 2 1 
ULDDRUULDDRUURDDLUULDRRULDDLUU
6 5 7 
2 0 8 
3 4 1 
ULDDRUULDDRURULDRDLUULDDRURULD
0 6 7 
2 5 8 
3 4 1 
ULDDRUULDDRURULDRDLUULDDRURULL
5 6 4 
2 7 8 
0 3 1 
ULDDRUULDDRURULDRDLURULDLURDLD
5 4 7 
6 0 8 
2 3 1 
ULDDRUULDDRURULLDRRDLURULDLURD
5 4 7 
6 3 8 
0 2 1 
ULDDRUULDDRURDLLURRULLDRRULLDD
5 4 7 
6 0 8 
1 2 3 
ULDDRUULDDRRUULLDRDRUULDDLUURD
1 6 7 
2 0 8 
3 4 5 
ULDDRUULDDRRUULLDRRDLURULLDDRU
7 6 0 
8 5 4 
1 2 3 
ULDDRUULDRURDDLLURURDLDRUULDRU
7 6 5 
8 3 4 
1 2 0 
ULDDRUULDRURDDLLURRULDDRUULDRD
6 5 7 
4 0 8 
3 1 2 
ULDDRUULDRRULDRDLULDRUULDRRULD
1 8 0 
2 7 6 
3 4 5 
ULDDRUULDRRULLDDRURDLULDRRULUR
5 6 4 
7 0 8 
1 2 3 
ULDDRUULDRRDLURULDDLUURDDRUULD
0 6 5 
8 7 4 
1 2 3 
ULDDRUULDRRDLLUURDRULDDRUULDLU
7 6 5 
1 0 8 
3 2 4 
ULDDRUURDDLUULDDRURULDLDRRUULD
5 2 7 
8 0 4 
3 6 1 
ULDDRUURDDLUULDRRDLLURULDRRULD
7 6 5 
4 0 2 
3 8 1 
ULDDRUURDDLUURDDLULURDLDRULURD
6 5 0 
8 7 4 
1 2 3 
ULDDRUURDDLUURDLULDDRRULULDRUR
5 3 2 
4 0 8 
6 7 1 
ULDDRUURDDLUURDLLURRDDLULURRDL
0 4 3 
6 5 2 
7 8 1 
ULDDRUURDDLUURDLLURRDDLULDRUUL
5 3 7 
4 0 2 
6 8 1 
ULDDRUURDDLUURDLLURRDLLURRDDLU
5 6 7 
8 0 4 
1 2 3 
ULDDRUURDDLUURDLLDRRULURDLLURD
5 8 7 
4 0 2 
3 6 1 
ULDDRUURDDLULURDRULDLURDRDLLUR
5 6 4 
7 0 2 
3 8 1 
ULDDRUURDDLULURDRDLLUURDDLUURD
5 4 0 
6 8 7 
1 2 3 
ULDDRUURDDLURULDLURDRULDLDRRUU
5 4 0 
6 3 2 
7 8 1 
ULDDRUURDDLURULDLURRDDLULDRUUR
5 4 3 
6 7 2 
0 8 1 
ULDDRUURDDLURULDRDLLUURDDLURDL
5 4 2 
6 0 8 
3 7 1 
ULDDRUURDDLURDLLUURDLURRDLDLUR
5 6 4 
7 0 3 
8 2 1 
ULDDRUURDLULDDRRULULDRDLURULDR
3 6 2 
4 0 8 
5 7 1 
ULDDRUURDLDRULLDRUULDRURDLULDR
5 3 1 
4 0 8 
6 2 7 
ULDDRUURDLLURRDLLDRRULDLURULDR
5 8 0 
4 3 7 
6 2 1 
ULDDRUURDLLDRRUULDDLURRULLDRRU
0 8 7 
4 5 6 
3 2 1 
ULDDRUURDLLDRRULLURRDLLURDDLUU
4 8 7 
5 0 6 
3 2 1 
ULDDRUURDLLDRRULLURRDLLURDDLUR
8 6 7 
4 0 5 
1 2 3 
ULDDRULURDLDRRUULDDRULLURDDLUR
1 8 7 
2 3 6 
0 4 5 
ULDDRULURDLDRRUULDDRULLDRRULDL
1 8 7 
2 5 6 
3 4 0 
ULDDRULURDLDRRUULDRDLULDRRULDR
0 8 7 
2 1 6 
3 4 5 
ULDDRULURDRULLDDRURDLULDRRULUL
5 8 7 
4 0 6 
1 2 3 
ULDDRULURDRDLURULDLURDDLURDRUL
7 6 5 
8 1 4 
0 2 3 
ULDDRULURDRDLLUURDRULDDRUULDLD
5 6 7 
2 8 4 
0 3 1 
ULDDRULDRRUULDDRUULDDRULLURDLD
5 6 8 
2 4 7 
0 3 1 
ULDDRULDRRUULDDRUULLDRDRUULLDD
2 8 7 
4 0 6 
3 5 1 
ULDDRULDRRULURDLLDRRULULDRDLUR
5 8 7 
1 0 6 
3 2 4 
ULDDRULDRRULLURRDLULDRDLURULDR
3 6 7 
4 0 2 
5 8 1 
ULDDRURULDLURDRULDDRULLDRULURD
3 7 0 
4 6 2 
5 8 1 
ULDDRURULDLURDRULDDRULLDRULURR
1 8 7 
4 0 6 
3 2 5 
ULDDRURULDRDLULDRRULLURRDLLURD
5 8 7 
6 0 4 
3 2 1 
ULDDRURULDRDLURULDLURDLDRRUULD
5 4 0 
6 7 8 
3 2 1 
ULDDRURULDRDLURULDLURDLDRRULUR
5 4 1 
6 0 8 
3 2 7 
ULDDRURULDRDLURULDLURRDLLDRRUL
7 6 5 
8 0 4 
3 2 1 
ULDDRURULDRDLURULDLDRRUULDLURD
5 4 7 
8 0 6 
3 2 1 
ULDDRURULDRDLURULDLDRRULLURRDL
8 6 7 
1 0 5 
3 2 4 
ULDDRURULLDDRUULDRRULLDRRDLLUR
7 6 5 
2 0 8 
3 4 1 
ULDDRURULLDDRURDLURULDLDRRUULD
0 4 7 
5 2 8 
3 6 1 
ULDDRURULLDRRULLDRDRUULDDLURUL
5 4 8 
6 0 7 
3 2 1 
ULDDRURULLDRRDLURULDLURDLDRRUL
5 7 0 
3 8 6 
4 2 1 
ULDDRURDLUURDLLDRRULLURRDLLURR
5 6 8 
3 0 7 
4 2 1 
ULDDRURDLULDRURULLDRRULLDRDRUL
5 4 3 
6 0 8 
7 2 1 
ULDDRURDLLURRULLDRRULDDRUULLDR
5 4 7 
6 0 2 
3 8 1 
ULDDRRUULDDRUULDLURDDRUULDLDRU
2 6 1 
4 0 8 
3 5 7 
ULDDRRUULDDRULLDRRULLURDLDRRUL
8 6 7 
4 5 2 
3 1 0 
ULDDRRUULDLDRRUULDLDRRUULDLDRR
5 8 7 
4 6 2 
3 1 0 
ULDDRRUULDLDRRUULDLDRRUULLDDRR
5 6 7 
3 8 2 
0 4 1 
ULDDRRUULDRULLDDRUULDDRRUULLDD
5 6 7 
8 0 2 
3 4 1 
ULDDRRUULDRULLDDRUULDDRRUULLDR
5 6 2 
3 7 8 
0 4 1 
ULDDRRUULDRULLDDRUULDDRRULULDD
5 7 6 
2 4 8 
0 3 1 
ULDDRRUULLDDRULDRRUULDDRUULLDD
5 7 6 
4 0 8 
2 3 1 
ULDDRRUULLDDRULDRRUULDDRUULLDR
5 6 7 
2 1 8 
3 4 0 
ULDDRRUULLDDRURULLDDRURULLDDRR
5 6 7 
4 0 8 
3 2 1 
ULDDRRUULLDDRRUULLDDRRUULLDDRU
0 5 7 
6 1 8 
3 2 4 
ULDDRRUULLDRDLURRULLDRDLURRULL
5 2 7 
6 0 8 
3 4 1 
ULDDRRUULLDRDRUULLDRDRUULLDDRU
5 2 7 
3 6 8 
0 4 1 
ULDDRRUULLDRRULLDDRULDRRUULLDD
5 4 7 
2 0 8 
3 6 1 
ULDDRRUULLDRRULLDRDRUULDDLUURD
3 2 7 
4 0 8 
5 6 1 
ULDDRRUULLDRRULLDRDRUULLDRDLUR
8 7 0 
5 4 6 
1 2 3 
ULDDRRULULDDRULURDLDRRUULDDRUU
5 6 3 
4 0 2 
7 8 1 
ULDDRRULURDLDRUULDLDRULURDLDRU
7 6 5 
3 4 2 
0 8 1 
ULDDRRULURDLLURDDLUURDDRUULDDL
7 6 5 
3 4 2 
8 1 0 
ULDDRRULURDLLURDDLUURDDRUULDDR
3 7 2 
4 6 1 
5 8 0 
ULDDRRULURDLLURDDLURDRULDLURRD
5 6 7 
3 0 2 
4 8 1 
ULDDRRULURDLLURDDRUULDLDRULURD
3 2 1 
4 5 8 
0 6 7 
ULDDRRULURDLLURRDLLDRRULDLURDL
0 2 1 
3 5 8 
4 6 7 
ULDDRRULURDLLURRDLLDRRULLDRULU
5 8 0 
3 6 7 
4 2 1 
ULDDRRULLDRRUULDLDRURULLDRDRUU
5 8 0 
4 6 7 
2 3 1 
ULDDRRULLDRRUULDLDRRUULLDDRRUU
5 6 7 
4 3 2 
0 8 1 
ULDDRRULLDRRULULDDRUURDDLUULDD
5 7 0 
8 4 6 
3 2 1 
ULDRURDDLUURDDLUURDLLDRULURDRU
5 7 6 
4 0 2 
3 8 1 
ULDRURDDLUURDDLULURRDLLDRULURD
5 6 0 
4 7 2 
3 8 1 
ULDRURDDLUURDDLULURRDLLDRULURR
5 7 0 
4 3 6 
8 2 1 
ULDRURDDLUURDDLLUURRDLDLUURDRU
0 8 7 
5 4 6 
1 2 3 
ULDRURDDLLURDRULURDDLURDLLURUL
0 5 1 
2 6 8 
3 4 7 
ULDRURDLULDRDLURRULDRDLURULDLU
2 5 1 
3 6 8 
0 4 7 
ULDRURDLULDRDLURRULDRDLURULDLD
7 6 5 
4 0 3 
8 2 1 
ULDRURDLDRUULDDLUURDDLURRULLDR
7 6 5 
8 1 4 
2 3 0 
ULDRDLUURDDLURRULLDDRURDLUURDD
0 5 4 
6 8 7 
1 2 3 
ULDRDLURULDRRULDRDLURULDRDLLUU
5 8 0 
6 4 7 
3 2 1 
ULDRDLURURDDLUULDRRULDRDLLUURR
5 7 0 
4 8 6 
2 3 1 
ULDRDLURURDDLUURDDLULURRDLLURR
5 6 1 
2 0 8 
3 4 7 
ULDRDLURRDLURULDLURDRDLULDRRUL
7 6 5 
2 8 1 
0 3 4 
ULDRDLURRDLURULDRDLURULDLURDLD
5 8 7 
2 0 6 
3 4 1 
ULDRDRUULDDLURDRUULDDRUULLDDRU
5 7 6 
3 2 8 
0 4 1 
ULDRDRUULDRULLDDRUULDDRRULULDD
5 2 1 
4 0 8 
3 6 7 
ULDRDRUULLDDRRULLDRRULULDDRRUL
2 1 7 
4 0 8 
3 5 6 
ULDRDRUULLDDRRULLDRRULURDLLDRU
3 2 0 
4 1 8 
5 6 7 
ULDRDRUULLDRDLURRDLLURRULLDRRU
3 2 8 
4 1 7 
5 6 0 
ULDRDRUULLDRDLURRDLLURRULLDRRD
5 6 8 
3 2 7 
0 4 1 
ULDRDRUULLDRRULLDDRULDRRULULDD
0 7 6 
8 5 4 
1 2 3 
ULDRDRULURDDLLURURDLDRUULDDLUU
5 8 7 
4 1 6 
3 2 0 
ULDRDRULDLURDRUULDRULLDRDLURRD
5 1 7 
2 0 8 
3 4 6 
ULDRRULDDRULDLURDRULULDDRUURDL
0 4 1 
5 2 8 
6 3 7 
ULDRRULDLURDDLURDRULDLURDRULUL
4 2 1 
5 3 8 
0 6 7 
ULDRRULDLURDDLURDRULDLURDRULDL
0 4 7 
5 1 8 
3 2 6 
ULDRRULDRDLULDRUULDRRULLDRRULL
3 2 1 
4 7 8 
5 6 0 
ULDRRULLDRRDLLURRDLUULDDRRULDR
5 4 1 
6 2 8 
0 3 7 
ULDRRDLURULDDLUURDDRULLDRRULLD
5 8 0 
4 2 7 
3 6 1 
ULDRRDLURULLDRRULLDDRULDRRULUR
5 4 7 
2 6 8 
0 3 1 
ULDRRDLLURRULLDRDRUULDDRUULLDD
3 1 7 
4 0 8 
5 2 6 
ULDRRDLLURRULLDRRULDDLUURDRULD
5 8 7 
4 0 6 
3 1 2 
URDDLUULDRRDLLURDRULURDDLUULDR
3 8 7 
4 0 6 
5 2 1 
URDDLULURDLDRULURDRULLDRRDLLUR
5 6 7 
8 4 2 
3 1 0 
URDDLULURDRDLLUURDDLUURDRULDRD
0 5 7 
6 4 1 
3 2 8 
URDDLULDRUULDRRDLLURRULLDRRULL
4 6 7 
5 0 1 
3 2 8 
URDDLULDRURDLULURRDLLURRDLDLUR
5 4 3 
6 1 2 
7 8 0 
URDDLURULDRDLLUURDDLURRDLLURDR
4 6 7 
5 8 2 
3 1 0 
URDDLURDLLUURDDLUURRDLDLUURRDD
5 6 7 
2 4 1 
3 8 0 
URDDLLUURDLURRDDLUURDDLLUURRDD
5 6 7 
2 0 4 
3 8 1 
URDDLLUURDLURRDDLUURDDLLUURRDL
2 6 7 
4 5 1 
3 8 0 
URDDLLUURDLURRDDLUURDDLLURURDD
6 5 7 
4 8 2 
3 1 0 
URDDLLUURRDDLURDLLUURDDLUURRDD
5 2 7 
4 0 6 
3 8 1 
URDDLLUURRDLDLUURRDLDLUURRDDLU
5 2 7 
4 6 1 
3 8 0 
URDDLLUURRDLLURRDDLURDLLUURRDD
5 6 7 
2 0 1 
3 4 8 
URDDLLURULDRRULDDLUURDRDLURULD
7 6 5 
2 8 1 
3 4 0 
URDDLLURULDRRULDDRUULDDLUURDDR
3 2 0 
4 7 1 
5 6 8 
URDDLLURULDRRULLDRRDLLURRDLURU
0 4 7 
5 6 1 
3 2 8 
URDDLLURRDLLUURDRDLULURRDLDLUU
0 4 7 
5 6 8 
3 1 2 
URDDLLURRDLLUURDRDLLUURRDDLLUU
0 5 7 
6 4 8 
3 1 2 
URDLDLUURDDLUURDRDLURULDRDLLUU
7 6 5 
8 3 4 
0 1 2 
URDLDLUURDDRUULDDRULLURRDDLULD
6 5 7 
4 2 1 
3 8 0 
URDLDLUURDLURRDDLUURDDLLURURDD
0 2 1 
4 3 8 
5 6 7 
URDLDLUURRDLDRULLDRRULLURRDLLU
4 6 7 
5 2 1 
3 8 0 
URDLDLUURRDLLURRDDLURDLLURURDD
0 4 7 
5 8 6 
3 2 1 
URDLDRULULDDRUURDLLURDLDRRUULL
3 8 0 
4 2 7 
5 1 6 
URDLLURDRULDDRULDLURDRULDLURUR
3 8 7 
4 2 6 
5 1 0 
URDLLDRULURDDRUULDDLURRDLLURRD
5 7 0 
4 2 6 
3 8 1 
DLUURRDDLULURRDDLULURRDDLLUURR
0 5 7 
6 2 8 
3 4 1 
DLURRULLDRRDLLURURDDLUURDDLLUU
